<?xml version="1.0" encoding="utf-8"?><testsuites name="pytest tests"><testsuite name="pytest" errors="0" failures="0" skipped="0" tests="6" time="1.975" timestamp="2026-05-13T11:18:06.680939+00:00" hostname="agent-env-0ee6c042-a0ed-47b7-ba96-10af580c0511"><testcase classname="tests.test_bank_filter" name="test_banks_returns_canonical_dedup" time="0.934" /><testcase classname="tests.test_bank_filter" name="test_banks_registry_full_canonical_list" time="0.123" /><testcase classname="tests.test_bank_filter" name="test_filter_hdfc_matches_all_aliases" time="0.143" /><testcase classname="tests.test_bank_filter" name="test_filter_canonical_match_axis" time="0.124" /><testcase classname="tests.test_bank_filter" name="test_filter_unknown_bank_passthrough" time="0.131" /><testcase classname="tests.test_bank_filter" name="test_ramya_not_mutated" time="0.460" /></testsuite></testsuites>