<?xml version="1.0" encoding="utf-8"?><testsuites name="pytest tests"><testsuite name="pytest" errors="0" failures="0" skipped="0" tests="8" time="1.183" timestamp="2026-07-30T04:43:36.778050+00:00" hostname="agent-env-0ee6c042-a0ed-47b7-ba96-10af580c0511"><testcase classname="tests.test_labour_cess_manual_iter56.TestCalculatorPrice" name="test_manual_zero" time="0.477" /><testcase classname="tests.test_labour_cess_manual_iter56.TestCalculatorPrice" name="test_manual_custom" time="0.046" /><testcase classname="tests.test_labour_cess_manual_iter56.TestCalculatorPrice" name="test_auto_when_not_manual" time="0.043" /><testcase classname="tests.test_labour_cess_manual_iter56.TestCalculatorPrice" name="test_manual_true_but_no_override_falls_back" time="0.042" /><testcase classname="tests.test_labour_cess_manual_iter56.TestCustomerPersistence" name="test_get_ramya_exists" time="0.085" /><testcase classname="tests.test_labour_cess_manual_iter56.TestCustomerPersistence" name="test_set_labour_cess_zero_persists" time="0.232" /><testcase classname="tests.test_labour_cess_manual_iter56.TestPriceBreakupDoc" name="test_labour_cess_zero_in_html" time="0.100" /><testcase classname="tests.test_labour_cess_manual_iter56.TestGenerateSchedule" name="test_thirteen_items_using_preserved_total" time="0.098" /></testsuite></testsuites>