<?xml version="1.0" encoding="utf-8"?><testsuites name="pytest tests"><testsuite name="pytest" errors="0" failures="0" skipped="0" tests="15" time="4.830" timestamp="2026-07-28T21:11:58.450172+00:00" hostname="agent-env-0ee6c042-a0ed-47b7-ba96-10af580c0511"><testcase classname="tests.test_bulk_demand_letters_iter54.TestBulkGenerate" name="test_generate_bulk_admin" time="0.794" /><testcase classname="tests.test_bulk_demand_letters_iter54.TestBulkGenerate" name="test_generate_bulk_idempotent" time="0.064" /><testcase classname="tests.test_bulk_demand_letters_iter54.TestBulkGenerate" name="test_generate_bulk_sales_forbidden" time="0.480" /><testcase classname="tests.test_bulk_demand_letters_iter54.TestBulkGenerate" name="test_generate_bulk_accounts_allowed" time="0.486" /><testcase classname="tests.test_bulk_demand_letters_iter54.TestBulkGenerate" name="test_missing_stage_returns_400" time="0.184" /><testcase classname="tests.test_bulk_demand_letters_iter54.TestListDemandLetters" name="test_list_all" time="0.073" /><testcase classname="tests.test_bulk_demand_letters_iter54.TestListDemandLetters" name="test_filter_by_stage_key" time="0.063" /><testcase classname="tests.test_bulk_demand_letters_iter54.TestListDemandLetters" name="test_filter_by_batch_id" time="0.060" /><testcase classname="tests.test_bulk_demand_letters_iter54.TestListDemandLetters" name="test_filter_emailed_false" time="0.071" /><testcase classname="tests.test_bulk_demand_letters_iter54.TestBulkEmail" name="test_bulk_email_requires_input" time="0.067" /><testcase classname="tests.test_bulk_demand_letters_iter54.TestBulkEmail" name="test_bulk_email_success_small_slice" time="2.000" /><testcase classname="tests.test_bulk_demand_letters_iter54.TestBulkEmail" name="test_bulk_email_customer_missing_isolated" time="0.060" /><testcase classname="tests.test_bulk_demand_letters_iter54.TestSingleLetterBackwardsCompat" name="test_single_demand_letter_still_works" time="0.107" /><testcase classname="tests.test_bulk_demand_letters_iter54.TestSingleLetterBackwardsCompat" name="test_other_doc_types_unaffected[sales_agreement]" time="0.103" /><testcase classname="tests.test_bulk_demand_letters_iter54.TestSingleLetterBackwardsCompat" name="test_other_doc_types_unaffected[allotment_letter]" time="0.129" /></testsuite></testsuites>