<?xml version="1.0" encoding="utf-8"?><testsuites name="pytest tests"><testsuite name="pytest" errors="0" failures="1" skipped="0" tests="13" time="6.659" timestamp="2026-05-15T06:55:35.489521+00:00" hostname="agent-env-0ee6c042-a0ed-47b7-ba96-10af580c0511"><testcase classname="tests.test_letterhead_iteration36" name="test_doc_has_letterhead_and_valid_pdf[sales_agreement]" time="1.841" /><testcase classname="tests.test_letterhead_iteration36" name="test_doc_has_letterhead_and_valid_pdf[allotment_letter]" time="0.579" /><testcase classname="tests.test_letterhead_iteration36" name="test_doc_has_letterhead_and_valid_pdf[price_breakup]" time="0.644" /><testcase classname="tests.test_letterhead_iteration36" name="test_doc_has_letterhead_and_valid_pdf[cost_breakup]" time="0.383"><failure message="AssertionError: cost_breakup: RRL logo base64 missing&#10;assert False">E   AssertionError: cost_breakup: RRL logo base64 missing
    assert False</failure></testcase><testcase classname="tests.test_letterhead_iteration36" name="test_doc_has_letterhead_and_valid_pdf[demand_letter]" time="0.578" /><testcase classname="tests.test_letterhead_iteration36" name="test_doc_has_letterhead_and_valid_pdf[payment_schedule]" time="0.634" /><testcase classname="tests.test_letterhead_iteration36" name="test_doc_has_letterhead_and_valid_pdf[noc_hdfc]" time="0.429" /><testcase classname="tests.test_letterhead_iteration36" name="test_doc_has_letterhead_and_valid_pdf[noc_bob]" time="0.422" /><testcase classname="tests.test_letterhead_iteration36" name="test_doc_has_letterhead_and_valid_pdf[noc_tata]" time="0.430" /><testcase classname="tests.test_letterhead_iteration36" name="test_doc_has_letterhead_and_valid_pdf[payment_receipt]" time="0.350" /><testcase classname="tests.test_letterhead_iteration36" name="test_payment_schedule_autogenerate" time="0.058" /><testcase classname="tests.test_letterhead_iteration36" name="test_interest_amount_persists_and_renders" time="0.253" /><testcase classname="tests.test_letterhead_iteration36" name="test_zz_print_summary" time="0.001" /></testsuite></testsuites>