<?xml version="1.0" encoding="utf-8"?><testsuites name="pytest tests"><testsuite name="pytest" errors="0" failures="0" skipped="0" tests="9" time="3.246" timestamp="2026-05-13T10:55:40.710753+00:00" hostname="agent-env-0ee6c042-a0ed-47b7-ba96-10af580c0511"><testcase classname="tests.test_payment_receipt" name="test_create_transaction_assigns_receipt_number" time="0.526" /><testcase classname="tests.test_payment_receipt" name="test_generate_payment_receipt_returns_full_payload" time="0.141" /><testcase classname="tests.test_payment_receipt" name="test_generate_payment_receipt_reuses_existing" time="0.131" /><testcase classname="tests.test_payment_receipt" name="test_pdf_download_works" time="0.426" /><testcase classname="tests.test_payment_receipt" name="test_admin_can_edit_receipt" time="0.416" /><testcase classname="tests.test_payment_receipt" name="test_accounts_cannot_edit_receipt_but_can_generate" time="0.622" /><testcase classname="tests.test_payment_receipt" name="test_payments_overview_endpoint" time="0.108" /><testcase classname="tests.test_payment_receipt" name="test_transactions_list_includes_receipt_number" time="0.101" /><testcase classname="tests.test_payment_receipt" name="test_backfill_receipt_for_legacy_txn" time="0.716" /></testsuite></testsuites>