<?xml version="1.0" encoding="utf-8"?><testsuites name="pytest tests"><testsuite name="pytest" errors="0" failures="0" skipped="0" tests="8" time="0.647" timestamp="2026-06-28T11:47:44.655703+00:00" hostname="agent-env-0ee6c042-a0ed-47b7-ba96-10af580c0511"><testcase classname="tests.test_interior_email.TestInteriorPreview" name="test_preview_interior_email" time="0.233" /><testcase classname="tests.test_interior_email.TestInteriorPreview" name="test_mobile_friendly_markers" time="0.005" /><testcase classname="tests.test_interior_email.TestInteriorPreview" name="test_preview_interior_subject" time="0.005" /><testcase classname="tests.test_interior_email.TestInteriorSend" name="test_send_interior_email_no_attachments" time="0.287" /><testcase classname="tests.test_interior_email.TestRegressionOtherEmails" name="test_welcome_preview_still_has_3_attachments" time="0.015" /><testcase classname="tests.test_interior_email.TestRegressionOtherEmails" name="test_sales_agreement_preview_has_2_attachments" time="0.012" /><testcase classname="tests.test_interior_email.TestRegressionOtherEmails" name="test_allotment_letter_preview_has_1_attachment" time="0.008" /><testcase classname="tests.test_interior_email.TestRegressionOtherEmails" name="test_base_document_email_has_viewport_meta" time="0.019" /></testsuite></testsuites>