<?xml version="1.0" encoding="utf-8"?><testsuites name="pytest tests"><testsuite name="pytest" errors="0" failures="0" skipped="0" tests="7" time="1.326" timestamp="2026-04-01T13:52:31.765500+00:00" hostname="agent-env-e2076d16-f55c-4020-86e0-7397fab9be53"><testcase classname="tests.test_cumulative_percentage.TestPaymentScheduleAPI" name="test_payment_schedule_returns_cumulative_amounts" time="0.495" /><testcase classname="tests.test_cumulative_percentage.TestPaymentScheduleAPI" name="test_payment_schedule_cumulative_percentages" time="0.122" /><testcase classname="tests.test_cumulative_percentage.TestPaymentSchedulePDF" name="test_generate_payment_schedule_pdf_success" time="0.124" /><testcase classname="tests.test_cumulative_percentage.TestPaymentSchedulePDF" name="test_payment_schedule_pdf_contains_cumulative_header" time="0.145" /><testcase classname="tests.test_cumulative_percentage.TestSalesAgreementPDF" name="test_generate_sales_agreement_pdf_success" time="0.118" /><testcase classname="tests.test_cumulative_percentage.TestSalesAgreementPDF" name="test_sales_agreement_includes_payment_schedule" time="0.136" /><testcase classname="tests.test_cumulative_percentage.TestCustomerDetails" name="test_get_test_customer_details" time="0.123" /></testsuite></testsuites>