<?xml version="1.0" encoding="utf-8"?><testsuites name="pytest tests"><testsuite name="pytest" errors="0" failures="0" skipped="0" tests="18" time="37.022" timestamp="2026-07-03T09:15:40.775178+00:00" hostname="agent-env-0ee6c042-a0ed-47b7-ba96-10af580c0511"><testcase classname="tests.test_notification_bell.TestPendingEndpoint" name="test_requires_auth" time="0.844" /><testcase classname="tests.test_notification_bell.TestPendingEndpoint" name="test_returns_list_and_excludes_completed" time="0.540" /><testcase classname="tests.test_notification_bell.TestPendingEndpoint" name="test_sorting_past_due_then_today_then_upcoming_then_unscheduled" time="0.886" /><testcase classname="tests.test_notification_bell.TestPendingEndpoint" name="test_role_parity_sales" time="0.610" /><testcase classname="tests.test_notification_bell.TestPendingEndpoint" name="test_role_parity_accounts" time="0.606" /><testcase classname="tests.test_notification_bell.TestPatchFollowUp" name="test_mark_completed_stamps_metadata" time="0.590" /><testcase classname="tests.test_notification_bell.TestPatchFollowUp" name="test_invalid_status_returns_400" time="0.285" /><testcase classname="tests.test_notification_bell.TestPatchFollowUp" name="test_no_fields_returns_400" time="0.319" /><testcase classname="tests.test_notification_bell.TestPatchFollowUp" name="test_unknown_follow_up_returns_404" time="0.097" /><testcase classname="tests.test_notification_bell.TestPatchFollowUp" name="test_sales_can_mark_completed" time="0.295" /><testcase classname="tests.test_notification_bell.TestPatchFollowUp" name="test_accounts_can_mark_completed" time="0.307" /><testcase classname="tests.test_notification_bell.TestDedupAndStageDropLogic" name="test_dedup_to_latest_status_per_stage" time="29.403" /><testcase classname="tests.test_notification_bell.TestDedupAndStageDropLogic" name="test_dedup_does_not_collapse_different_stages" time="0.486" /><testcase classname="tests.test_notification_bell.TestDedupAndStageDropLogic" name="test_drop_follow_up_on_paid_stage" time="0.372" /><testcase classname="tests.test_notification_bell.TestDedupAndStageDropLogic" name="test_keep_follow_up_on_unpaid_far_stage" time="0.476" /><testcase classname="tests.test_notification_bell.TestDedupAndStageDropLogic" name="test_keep_follow_up_on_next_unpaid_stage" time="0.475" /><testcase classname="tests.test_notification_bell.TestDedupAndStageDropLogic" name="test_endpoint_performance_under_2s" time="0.096" /><testcase classname="tests.test_notification_bell.TestDedupAndStageDropLogic" name="test_no_duplicate_customer_stage_pairs_across_all_data" time="0.282" /></testsuite></testsuites>