<?xml version="1.0" encoding="utf-8"?><testsuites name="pytest tests"><testsuite name="pytest" errors="0" failures="0" skipped="0" tests="24" time="2.623" timestamp="2026-03-29T17:01:24.704861+00:00" hostname="agent-env-e2076d16-f55c-4020-86e0-7397fab9be53"><testcase classname="tests.test_e2e_complete.TestRRLCRME2E" name="test_01_public_booking_form_endpoint_exists" time="0.098" /><testcase classname="tests.test_e2e_complete.TestRRLCRME2E" name="test_02_submit_booking_form" time="0.122" /><testcase classname="tests.test_e2e_complete.TestRRLCRME2E" name="test_03_login_with_valid_credentials" time="0.277" /><testcase classname="tests.test_e2e_complete.TestRRLCRME2E" name="test_04_auth_me_endpoint" time="0.054" /><testcase classname="tests.test_e2e_complete.TestRRLCRME2E" name="test_05_dashboard_stats" time="0.061" /><testcase classname="tests.test_e2e_complete.TestRRLCRME2E" name="test_06_dashboard_recent_activities" time="0.048" /><testcase classname="tests.test_e2e_complete.TestRRLCRME2E" name="test_07_payments_overview" time="0.059" /><testcase classname="tests.test_e2e_complete.TestRRLCRME2E" name="test_08_get_customers_list" time="0.067" /><testcase classname="tests.test_e2e_complete.TestRRLCRME2E" name="test_09_search_customers" time="0.052" /><testcase classname="tests.test_e2e_complete.TestRRLCRME2E" name="test_10_filter_customers_by_project" time="0.056" /><testcase classname="tests.test_e2e_complete.TestRRLCRME2E" name="test_11_get_customer_detail" time="0.050" /><testcase classname="tests.test_e2e_complete.TestRRLCRME2E" name="test_12_get_payment_schedule" time="0.047" /><testcase classname="tests.test_e2e_complete.TestRRLCRME2E" name="test_13_get_customer_transactions" time="0.053" /><testcase classname="tests.test_e2e_complete.TestRRLCRME2E" name="test_14_price_calculator" time="0.048" /><testcase classname="tests.test_e2e_complete.TestRRLCRME2E" name="test_15_create_transaction" time="0.057" /><testcase classname="tests.test_e2e_complete.TestRRLCRME2E" name="test_16_generate_allotment_letter" time="0.072" /><testcase classname="tests.test_e2e_complete.TestRRLCRME2E" name="test_17_generate_sales_agreement" time="0.054" /><testcase classname="tests.test_e2e_complete.TestRRLCRME2E" name="test_18_generate_price_breakup" time="0.047" /><testcase classname="tests.test_e2e_complete.TestRRLCRME2E" name="test_19_get_customer_documents" time="0.065" /><testcase classname="tests.test_e2e_complete.TestRRLCRME2E" name="test_20_get_communication_logs" time="0.063" /><testcase classname="tests.test_e2e_complete.TestRRLCRME2E" name="test_21_preview_welcome_email" time="0.053" /><testcase classname="tests.test_e2e_complete.TestRRLCRME2E" name="test_22_export_customers_csv" time="0.057" /><testcase classname="tests.test_e2e_complete.TestRRLCRME2E" name="test_23_export_customers_excel" time="0.827" /><testcase classname="tests.test_e2e_complete.TestRRLCRME2E" name="test_24_get_projects" time="0.047" /></testsuite></testsuites>