<?xml version="1.0" encoding="utf-8"?><testsuites name="pytest tests"><testsuite name="pytest" errors="0" failures="0" skipped="0" tests="8" time="1.550" timestamp="2026-04-01T16:44:37.489449+00:00" hostname="agent-env-e2076d16-f55c-4020-86e0-7397fab9be53"><testcase classname="tests.test_noc_documents.TestNocDocumentGeneration" name="test_generate_hdfc_noc" time="0.575" /><testcase classname="tests.test_noc_documents.TestNocDocumentGeneration" name="test_generate_bob_noc" time="0.057" /><testcase classname="tests.test_noc_documents.TestNocDocumentGeneration" name="test_generate_tata_noc" time="0.060" /><testcase classname="tests.test_noc_documents.TestNocDocumentGeneration" name="test_noc_documents_appear_in_customer_documents" time="0.173" /><testcase classname="tests.test_noc_documents.TestNocDocumentGeneration" name="test_invalid_customer_id_returns_404" time="0.061" /><testcase classname="tests.test_noc_documents.TestNocDocumentGeneration" name="test_invalid_doc_type_returns_error" time="0.233" /><testcase classname="tests.test_noc_documents.TestNocDocumentContent" name="test_hdfc_noc_contains_customer_details" time="0.104" /><testcase classname="tests.test_noc_documents.TestDocumentPreviewAndDownload" name="test_preview_noc_document" time="0.122" /></testsuite></testsuites>