<?xml version="1.0" encoding="utf-8"?><testsuites name="pytest tests"><testsuite name="pytest" errors="0" failures="0" skipped="0" tests="11" time="5.084" timestamp="2026-06-28T14:37:15.889560+00:00" hostname="agent-env-0ee6c042-a0ed-47b7-ba96-10af580c0511"><testcase classname="tests.test_call_status_filter.TestCallStatusFilter" name="test_no_filter_returns_all" time="0.672" /><testcase classname="tests.test_call_status_filter.TestCallStatusFilter" name="test_filter_connected" time="0.150" /><testcase classname="tests.test_call_status_filter.TestCallStatusFilter" name="test_filter_unanswered_includes_ramya" time="0.168" /><testcase classname="tests.test_call_status_filter.TestCallStatusFilter" name="test_filter_completed" time="0.132" /><testcase classname="tests.test_call_status_filter.TestCallStatusFilter" name="test_filter_no_status" time="0.183" /><testcase classname="tests.test_call_status_filter.TestCallStatusFilter" name="test_total_reflects_full_match_count_not_page" time="0.348" /><testcase classname="tests.test_call_status_filter.TestCallStatusFilter" name="test_combinable_with_agreement_filter" time="0.148" /><testcase classname="tests.test_call_status_filter.TestRecomputeLatestCallStatus" name="test_add_followup_updates_denormalised_status" time="0.862" /><testcase classname="tests.test_call_status_filter.TestRecomputeLatestCallStatus" name="test_patch_followup_updates_denormalised_status" time="0.854" /><testcase classname="tests.test_call_status_filter.TestRecomputeLatestCallStatus" name="test_delete_followup_restores_no_status_when_last" time="0.821" /><testcase classname="tests.test_call_status_filter.TestRecomputeLatestCallStatus" name="test_quick_status_endpoint_updates_denormalised" time="0.685" /></testsuite></testsuites>