<?xml version="1.0" encoding="utf-8"?><testsuites name="pytest tests"><testsuite name="pytest" errors="0" failures="0" skipped="0" tests="5" time="10.706" timestamp="2026-06-28T11:34:36.598693+00:00" hostname="agent-env-0ee6c042-a0ed-47b7-ba96-10af580c0511"><testcase classname="tests.test_welcome_4_attachments.TestPreviewWelcomeEmail" name="test_preview_returns_four_attachment_slots" time="0.546" /><testcase classname="tests.test_welcome_4_attachments.TestPreviewWelcomeEmail" name="test_preview_html_slots_present" time="0.169" /><testcase classname="tests.test_welcome_4_attachments.TestManualSendWelcome" name="test_send_welcome_email_lists_four_attachments" time="2.150" /><testcase classname="tests.test_welcome_4_attachments.TestSendDocumentEmailWelcome" name="test_send_document_email_welcome_attaches_documents" time="1.919" /><testcase classname="tests.test_welcome_4_attachments.TestPublicBookingAutoEmail" name="test_public_booking_triggers_4_attachment_auto_email" time="5.859" /></testsuite></testsuites>