<?xml version="1.0" encoding="utf-8"?><testsuites name="pytest tests"><testsuite name="pytest" errors="0" failures="0" skipped="0" tests="48" time="1.063" timestamp="2026-07-03T18:15:34.450506+00:00" hostname="agent-env-0ee6c042-a0ed-47b7-ba96-10af580c0511"><testcase classname="tests.test_bulk_delete_iteration52.TestBulkDeleteValidation" name="test_empty_ids_list_returns_400[customers/bulk-delete-None]" time="0.234" /><testcase classname="tests.test_bulk_delete_iteration52.TestBulkDeleteValidation" name="test_empty_ids_list_returns_400[users/bulk-delete-None]" time="0.003" /><testcase classname="tests.test_bulk_delete_iteration52.TestBulkDeleteValidation" name="test_empty_ids_list_returns_400[templates/bulk-delete-None]" time="0.003" /><testcase classname="tests.test_bulk_delete_iteration52.TestBulkDeleteValidation" name="test_empty_ids_list_returns_400[documents/bulk-delete-None]" time="0.003" /><testcase classname="tests.test_bulk_delete_iteration52.TestBulkDeleteValidation" name="test_empty_ids_list_returns_400[customers/6d902613-5106-4294-bc3e-b907f85127f7/documents/bulk-delete-None]" time="0.003" /><testcase classname="tests.test_bulk_delete_iteration52.TestBulkDeleteValidation" name="test_empty_ids_list_returns_400[transactions/6d902613-5106-4294-bc3e-b907f85127f7/bulk-delete-None]" time="0.002" /><testcase classname="tests.test_bulk_delete_iteration52.TestBulkDeleteValidation" name="test_empty_ids_list_returns_400[customers/6d902613-5106-4294-bc3e-b907f85127f7/notes/bulk-delete-None]" time="0.003" /><testcase classname="tests.test_bulk_delete_iteration52.TestBulkDeleteValidation" name="test_empty_ids_list_returns_400[customers/6d902613-5106-4294-bc3e-b907f85127f7/follow-ups/bulk-delete-None]" time="0.002" /><testcase classname="tests.test_bulk_delete_iteration52.TestBulkDeleteValidation" name="test_missing_ids_returns_400[customers/bulk-delete-None]" time="0.002" /><testcase classname="tests.test_bulk_delete_iteration52.TestBulkDeleteValidation" name="test_missing_ids_returns_400[users/bulk-delete-None]" time="0.002" /><testcase classname="tests.test_bulk_delete_iteration52.TestBulkDeleteValidation" name="test_missing_ids_returns_400[templates/bulk-delete-None]" time="0.002" /><testcase classname="tests.test_bulk_delete_iteration52.TestBulkDeleteValidation" name="test_missing_ids_returns_400[documents/bulk-delete-None]" time="0.002" /><testcase classname="tests.test_bulk_delete_iteration52.TestBulkDeleteValidation" name="test_missing_ids_returns_400[customers/6d902613-5106-4294-bc3e-b907f85127f7/documents/bulk-delete-None]" time="0.002" /><testcase classname="tests.test_bulk_delete_iteration52.TestBulkDeleteValidation" name="test_missing_ids_returns_400[transactions/6d902613-5106-4294-bc3e-b907f85127f7/bulk-delete-None]" time="0.002" /><testcase classname="tests.test_bulk_delete_iteration52.TestBulkDeleteValidation" name="test_missing_ids_returns_400[customers/6d902613-5106-4294-bc3e-b907f85127f7/notes/bulk-delete-None]" time="0.002" /><testcase classname="tests.test_bulk_delete_iteration52.TestBulkDeleteValidation" name="test_missing_ids_returns_400[customers/6d902613-5106-4294-bc3e-b907f85127f7/follow-ups/bulk-delete-None]" time="0.002" /><testcase classname="tests.test_bulk_delete_iteration52.TestBulkDeleteValidation" name="test_non_array_ids_returns_400[customers/bulk-delete-None]" time="0.002" /><testcase classname="tests.test_bulk_delete_iteration52.TestBulkDeleteValidation" name="test_non_array_ids_returns_400[users/bulk-delete-None]" time="0.002" /><testcase classname="tests.test_bulk_delete_iteration52.TestBulkDeleteValidation" name="test_non_array_ids_returns_400[templates/bulk-delete-None]" time="0.002" /><testcase classname="tests.test_bulk_delete_iteration52.TestBulkDeleteValidation" name="test_non_array_ids_returns_400[documents/bulk-delete-None]" time="0.002" /><testcase classname="tests.test_bulk_delete_iteration52.TestBulkDeleteValidation" name="test_non_array_ids_returns_400[customers/6d902613-5106-4294-bc3e-b907f85127f7/documents/bulk-delete-None]" time="0.002" /><testcase classname="tests.test_bulk_delete_iteration52.TestBulkDeleteValidation" name="test_non_array_ids_returns_400[transactions/6d902613-5106-4294-bc3e-b907f85127f7/bulk-delete-None]" time="0.002" /><testcase classname="tests.test_bulk_delete_iteration52.TestBulkDeleteValidation" name="test_non_array_ids_returns_400[customers/6d902613-5106-4294-bc3e-b907f85127f7/notes/bulk-delete-None]" time="0.002" /><testcase classname="tests.test_bulk_delete_iteration52.TestBulkDeleteValidation" name="test_non_array_ids_returns_400[customers/6d902613-5106-4294-bc3e-b907f85127f7/follow-ups/bulk-delete-None]" time="0.002" /><testcase classname="tests.test_bulk_delete_iteration52.TestBulkDeleteRoleGating" name="test_sales_forbidden[customers/bulk-delete]" time="0.227" /><testcase classname="tests.test_bulk_delete_iteration52.TestBulkDeleteRoleGating" name="test_sales_forbidden[users/bulk-delete]" time="0.002" /><testcase classname="tests.test_bulk_delete_iteration52.TestBulkDeleteRoleGating" name="test_sales_forbidden[templates/bulk-delete]" time="0.002" /><testcase classname="tests.test_bulk_delete_iteration52.TestBulkDeleteRoleGating" name="test_sales_forbidden[documents/bulk-delete]" time="0.002" /><testcase classname="tests.test_bulk_delete_iteration52.TestBulkDeleteRoleGating" name="test_sales_forbidden[customers/6d902613-5106-4294-bc3e-b907f85127f7/documents/bulk-delete]" time="0.002" /><testcase classname="tests.test_bulk_delete_iteration52.TestBulkDeleteRoleGating" name="test_sales_forbidden[transactions/6d902613-5106-4294-bc3e-b907f85127f7/bulk-delete]" time="0.002" /><testcase classname="tests.test_bulk_delete_iteration52.TestBulkDeleteRoleGating" name="test_sales_forbidden[customers/6d902613-5106-4294-bc3e-b907f85127f7/notes/bulk-delete]" time="0.002" /><testcase classname="tests.test_bulk_delete_iteration52.TestBulkDeleteRoleGating" name="test_sales_forbidden[customers/6d902613-5106-4294-bc3e-b907f85127f7/follow-ups/bulk-delete]" time="0.002" /><testcase classname="tests.test_bulk_delete_iteration52.TestBulkDeleteNonexistentIds" name="test_customers_nonexistent" time="0.005" /><testcase classname="tests.test_bulk_delete_iteration52.TestBulkDeleteNonexistentIds" name="test_generated_documents_nonexistent" time="0.004" /><testcase classname="tests.test_bulk_delete_iteration52.TestBulkDeleteNonexistentIds" name="test_uploaded_docs_nonexistent" time="0.005" /><testcase classname="tests.test_bulk_delete_iteration52.TestBulkDeleteNonexistentIds" name="test_transactions_nonexistent" time="0.005" /><testcase classname="tests.test_bulk_delete_iteration52.TestBulkDeleteNonexistentIds" name="test_notes_nonexistent_on_valid_customer" time="0.003" /><testcase classname="tests.test_bulk_delete_iteration52.TestBulkDeleteNonexistentIds" name="test_followups_nonexistent_on_valid_customer" time="0.004" /><testcase classname="tests.test_bulk_delete_iteration52.TestBulkDeleteNonexistentIds" name="test_templates_nonexistent" time="0.003" /><testcase classname="tests.test_bulk_delete_iteration52.TestCustomersBulkDeleteCascade" name="test_bulk_delete_customer_and_verify_removal" time="0.013" /><testcase classname="tests.test_bulk_delete_iteration52.TestCustomersBulkDeleteCascade" name="test_cascade_deletes_transactions_and_schedules" time="0.023" /><testcase classname="tests.test_bulk_delete_iteration52.TestUsersBulkDeleteSelfLockout" name="test_only_own_id_returns_400_no_deletable" time="0.002" /><testcase classname="tests.test_bulk_delete_iteration52.TestUsersBulkDeleteSelfLockout" name="test_admin_self_id_stripped_and_other_deleted" time="0.230" /><testcase classname="tests.test_bulk_delete_iteration52.TestTransactionsBulkDeleteRecompute" name="test_bulk_delete_transactions_recomputes_totals" time="0.027" /><testcase classname="tests.test_bulk_delete_iteration52.TestUploadedDocsBulkDeleteStripsPointerMap" name="test_bulk_delete_uploaded_removes_from_pointer_map" time="0.025" /><testcase classname="tests.test_bulk_delete_iteration52.TestNotesAndFollowupsBulkDelete" name="test_notes_bulk_delete" time="0.018" /><testcase classname="tests.test_bulk_delete_iteration52.TestNotesAndFollowupsBulkDelete" name="test_followups_bulk_delete_recomputes_latest_call_status" time="0.034" /><testcase classname="tests.test_bulk_delete_iteration52.TestGeneratedDocsBulkDelete" name="test_generated_docs_bulk_delete" time="0.029" /></testsuite></testsuites>