<?xml version="1.0" encoding="utf-8"?><testsuites name="pytest tests"><testsuite name="pytest" errors="0" failures="0" skipped="0" tests="12" time="3.895" timestamp="2026-03-15T17:36:39.020658+00:00" hostname="agent-env-947ed635-4cfe-4438-bd57-191b87d75623"><testcase classname="backend.tests.test_new_features.TestAuth" name="test_login_success" time="0.411" /><testcase classname="backend.tests.test_new_features.TestDashboardUpcomingDueDates" name="test_upcoming_due_dates_endpoint_exists" time="0.482" /><testcase classname="backend.tests.test_new_features.TestDashboardUpcomingDueDates" name="test_upcoming_due_dates_data_structure" time="0.125" /><testcase classname="backend.tests.test_new_features.TestDashboardUpcomingDueDates" name="test_upcoming_due_dates_filtering" time="0.107" /><testcase classname="backend.tests.test_new_features.TestCustomersAgreementFilter" name="test_customers_all_agreements_filter" time="0.453" /><testcase classname="backend.tests.test_new_features.TestCustomersAgreementFilter" name="test_customers_upcoming_due_filter" time="0.202" /><testcase classname="backend.tests.test_new_features.TestCustomersAgreementFilter" name="test_customers_pending_agreement_filter" time="0.119" /><testcase classname="backend.tests.test_new_features.TestCustomersAgreementFilter" name="test_customers_agreement_due_filter" time="0.139" /><testcase classname="backend.tests.test_new_features.TestDocumentDelete" name="test_document_delete_endpoint_exists" time="0.566" /><testcase classname="backend.tests.test_new_features.TestDocumentDelete" name="test_document_generate_and_delete" time="0.526" /><testcase classname="backend.tests.test_new_features.TestDocumentDelete" name="test_uploaded_document_delete_endpoint" time="0.110" /><testcase classname="backend.tests.test_new_features.TestDashboardStats" name="test_dashboard_stats" time="0.466" /></testsuite></testsuites>