<?xml version="1.0" encoding="utf-8"?><testsuites name="pytest tests"><testsuite name="pytest" errors="0" failures="0" skipped="0" tests="6" time="7.040" timestamp="2026-06-27T18:23:55.982017+00:00" hostname="agent-env-0ee6c042-a0ed-47b7-ba96-10af580c0511"><testcase classname="tests.test_customers_pagination.TestCustomerPagination" name="test_default_limit_is_50" time="3.206" /><testcase classname="tests.test_customers_pagination.TestCustomerPagination" name="test_explicit_limit_param" time="0.211" /><testcase classname="tests.test_customers_pagination.TestCustomerPagination" name="test_skip_returns_next_page" time="0.191" /><testcase classname="tests.test_customers_pagination.TestCustomerPagination" name="test_total_unaffected_by_pagination" time="0.268" /><testcase classname="tests.test_customers_pagination.TestCustomerPagination" name="test_skip_beyond_total_returns_empty" time="0.086" /><testcase classname="tests.test_customers_pagination.TestCustomerPagination" name="test_protected_customer_still_present" time="3.017" /></testsuite></testsuites>