<?xml version="1.0" encoding="utf-8"?><testsuites name="pytest tests"><testsuite name="pytest" errors="0" failures="0" skipped="0" tests="18" time="5.543" timestamp="2026-04-01T17:10:57.191149+00:00" hostname="agent-env-0ee6c042-a0ed-47b7-ba96-10af580c0511"><testcase classname="tests.test_refactoring_iteration15.TestHealthAndAuth" name="test_health_endpoint" time="0.190" /><testcase classname="tests.test_refactoring_iteration15.TestHealthAndAuth" name="test_admin_login_success" time="0.346" /><testcase classname="tests.test_refactoring_iteration15.TestHealthAndAuth" name="test_login_invalid_credentials" time="0.127" /><testcase classname="tests.test_refactoring_iteration15.TestCustomerAPIs" name="test_get_customer_detail" time="0.476" /><testcase classname="tests.test_refactoring_iteration15.TestCustomerAPIs" name="test_get_customer_checklist" time="0.131" /><testcase classname="tests.test_refactoring_iteration15.TestCustomerAPIs" name="test_get_customer_notes" time="0.108" /><testcase classname="tests.test_refactoring_iteration15.TestCustomerAPIs" name="test_get_customer_communications" time="0.129" /><testcase classname="tests.test_refactoring_iteration15.TestPaymentScheduleAPIs" name="test_get_payment_schedule" time="0.466" /><testcase classname="tests.test_refactoring_iteration15.TestPaymentScheduleAPIs" name="test_get_transactions" time="0.109" /><testcase classname="tests.test_refactoring_iteration15.TestDocumentGenerationAPIs" name="test_generate_price_breakup" time="1.086" /><testcase classname="tests.test_refactoring_iteration15.TestDocumentGenerationAPIs" name="test_generate_cost_breakup" time="0.422" /><testcase classname="tests.test_refactoring_iteration15.TestDocumentGenerationAPIs" name="test_generate_allotment_letter" time="0.130" /><testcase classname="tests.test_refactoring_iteration15.TestDocumentGenerationAPIs" name="test_generate_sales_agreement" time="0.184" /><testcase classname="tests.test_refactoring_iteration15.TestDocumentGenerationAPIs" name="test_generate_noc_hdfc" time="0.134" /><testcase classname="tests.test_refactoring_iteration15.TestDocumentGenerationAPIs" name="test_generate_payment_schedule_doc" time="0.122" /><testcase classname="tests.test_refactoring_iteration15.TestDocumentGenerationAPIs" name="test_get_generated_documents" time="0.254" /><testcase classname="tests.test_refactoring_iteration15.TestUploadedDocumentsAPIs" name="test_get_uploaded_documents" time="0.524" /><testcase classname="tests.test_refactoring_iteration15.TestDashboardAPIs" name="test_get_dashboard_stats" time="0.515" /></testsuite></testsuites>