<?xml version="1.0" encoding="utf-8"?><testsuites name="pytest tests"><testsuite name="pytest" errors="0" failures="0" skipped="0" tests="10" time="10.638" timestamp="2026-04-02T13:40:55.892092+00:00" hostname="agent-env-0ee6c042-a0ed-47b7-ba96-10af580c0511"><testcase classname="tests.test_booking_transactions.TestPaymentTracking" name="test_kuldeep_transactions_total" time="0.549" /><testcase classname="tests.test_booking_transactions.TestPaymentTracking" name="test_kuldeep_overdue_endpoint" time="0.117" /><testcase classname="tests.test_booking_transactions.TestPaymentTracking" name="test_reddimasi_transactions_total" time="0.143" /><testcase classname="tests.test_booking_transactions.TestPaymentTracking" name="test_reddimasi_overdue_endpoint" time="0.099" /><testcase classname="tests.test_booking_transactions.TestDashboardRevenue" name="test_dashboard_total_revenue" time="0.110" /><testcase classname="tests.test_booking_transactions.TestDashboardRevenue" name="test_total_transactions_count" time="4.388" /><testcase classname="tests.test_booking_transactions.TestAutoGenerateBookingTransaction" name="test_create_customer_with_booking_amount_auto_generates_transaction" time="0.443" /><testcase classname="tests.test_booking_transactions.TestMigrationNoDuplicates" name="test_no_duplicate_auto_generated_booking_transactions" time="4.424" /><testcase classname="tests.test_booking_transactions.TestOverdueCalculations" name="test_overdue_by_stage_endpoint" time="0.185" /><testcase classname="tests.test_booking_transactions.TestSalesAgreementDocument" name="test_sales_agreement_generation" time="0.122" /></testsuite></testsuites>