<?xml version="1.0" encoding="utf-8"?><testsuites name="pytest tests"><testsuite name="pytest" errors="0" failures="1" skipped="0" tests="28" time="6.561" timestamp="2026-03-15T09:46:16.611649+00:00" hostname="agent-env-947ed635-4cfe-4438-bd57-191b87d75623"><testcase classname="tests.test_rrl_crm_api.TestAuthenticationEndpoints" name="test_health_endpoint" time="0.226" /><testcase classname="tests.test_rrl_crm_api.TestAuthenticationEndpoints" name="test_login_success" time="0.327" /><testcase classname="tests.test_rrl_crm_api.TestAuthenticationEndpoints" name="test_login_invalid_credentials" time="0.109" /><testcase classname="tests.test_rrl_crm_api.TestAuthenticationEndpoints" name="test_get_current_user" time="0.429" /><testcase classname="tests.test_rrl_crm_api.TestDashboardEndpoints" name="test_dashboard_stats" time="0.479" /><testcase classname="tests.test_rrl_crm_api.TestDashboardEndpoints" name="test_recent_activities" time="0.099" /><testcase classname="tests.test_rrl_crm_api.TestPublicBookingForm" name="test_submit_booking_form_success" time="0.103" /><testcase classname="tests.test_rrl_crm_api.TestPublicBookingForm" name="test_submit_booking_form_validation" time="0.106" /><testcase classname="tests.test_rrl_crm_api.TestLeadsManagement" name="test_get_pending_leads" time="0.443" /><testcase classname="tests.test_rrl_crm_api.TestLeadsManagement" name="test_approve_lead" time="0.296" /><testcase classname="tests.test_rrl_crm_api.TestCustomerCRUD" name="test_create_customer" time="0.441" /><testcase classname="tests.test_rrl_crm_api.TestCustomerCRUD" name="test_get_customers_list" time="0.111" /><testcase classname="tests.test_rrl_crm_api.TestCustomerCRUD" name="test_get_customer_by_id" time="0.232" /><testcase classname="tests.test_rrl_crm_api.TestCustomerCRUD" name="test_update_customer" time="0.291" /><testcase classname="tests.test_rrl_crm_api.TestPriceCalculator" name="test_calculate_price_basic" time="0.109" /><testcase classname="tests.test_rrl_crm_api.TestPriceCalculator" name="test_calculate_price_with_parking" time="0.103" /><testcase classname="tests.test_rrl_crm_api.TestPriceCalculator" name="test_calculate_disbursement" time="0.092" /><testcase classname="tests.test_rrl_crm_api.TestPriceCalculator" name="test_calculate_payment_tracking" time="0.096" /><testcase classname="tests.test_rrl_crm_api.TestPriceCalculator" name="test_payment_schedule_template" time="0.103" /><testcase classname="tests.test_rrl_crm_api.TestDocumentsAndCommunication" name="test_send_welcome_email" time="0.556" /><testcase classname="tests.test_rrl_crm_api.TestDocumentsAndCommunication" name="test_generate_price_breakup_pdf" time="0.101" /><testcase classname="tests.test_rrl_crm_api.TestDocumentsAndCommunication" name="test_get_customer_documents" time="0.101" /><testcase classname="tests.test_rrl_crm_api.TestDocumentsAndCommunication" name="test_get_checklist" time="0.100" /><testcase classname="tests.test_rrl_crm_api.TestDocumentsAndCommunication" name="test_get_communication_history" time="0.129" /><testcase classname="tests.test_rrl_crm_api.TestPaymentSchedule" name="test_auto_generate_payment_schedule" time="0.531" /><testcase classname="tests.test_rrl_crm_api.TestPaymentSchedule" name="test_get_payment_schedule" time="0.097" /><testcase classname="tests.test_rrl_crm_api.TestProjectsAndUnits" name="test_get_projects" time="0.436" /><testcase classname="tests.test_rrl_crm_api.TestProjectsAndUnits" name="test_get_units" time="0.102"><failure message="AssertionError: assert 'units' in []">tests/test_rrl_crm_api.py:549: in test_get_units
    assert "units" in data
E   AssertionError: assert 'units' in []</failure></testcase></testsuite></testsuites>