<?xml version="1.0" encoding="utf-8"?><testsuites name="pytest tests"><testsuite name="pytest" errors="0" failures="0" skipped="0" tests="14" time="1.968" timestamp="2026-04-01T17:52:08.421915+00:00" hostname="agent-env-0ee6c042-a0ed-47b7-ba96-10af580c0511"><testcase classname="tests.test_demand_letter.TestDemandLetterBackend" name="test_01_customer_exists" time="0.551" /><testcase classname="tests.test_demand_letter.TestDemandLetterBackend" name="test_02_generate_demand_letter" time="0.064" /><testcase classname="tests.test_demand_letter.TestDemandLetterBackend" name="test_03_demand_letter_html_contains_title" time="0.053" /><testcase classname="tests.test_demand_letter.TestDemandLetterBackend" name="test_04_demand_letter_contains_customer_name" time="0.117" /><testcase classname="tests.test_demand_letter.TestDemandLetterBackend" name="test_05_demand_letter_contains_property_reference" time="0.111" /><testcase classname="tests.test_demand_letter.TestDemandLetterBackend" name="test_06_demand_letter_contains_payment_table" time="0.067" /><testcase classname="tests.test_demand_letter.TestDemandLetterBackend" name="test_07_demand_letter_contains_amount_in_words" time="0.055" /><testcase classname="tests.test_demand_letter.TestDemandLetterBackend" name="test_08_demand_letter_contains_bank_details" time="0.051" /><testcase classname="tests.test_demand_letter.TestDemandLetterBackend" name="test_09_demand_letter_contains_signature" time="0.065" /><testcase classname="tests.test_demand_letter.TestDemandLetterBackend" name="test_10_demand_letter_contains_rrl_branding" time="0.055" /><testcase classname="tests.test_demand_letter.TestDemandLetterBackend" name="test_11_demand_letter_financial_calculations" time="0.251" /><testcase classname="tests.test_demand_letter.TestDemandLetterBackend" name="test_12_demand_letter_appears_in_documents_list" time="0.232" /><testcase classname="tests.test_demand_letter.TestDemandLetterBackend" name="test_13_demand_letter_has_content_for_preview" time="0.163" /><testcase classname="tests.test_demand_letter.TestDemandLetterDocumentType" name="test_document_type_enum_includes_demand_letter" time="0.057" /></testsuite></testsuites>