<?xml version="1.0" encoding="utf-8"?><testsuites name="pytest tests"><testsuite name="pytest" errors="0" failures="0" skipped="0" tests="10" time="4.282" timestamp="2026-06-27T17:45:13.466265+00:00" hostname="agent-env-0ee6c042-a0ed-47b7-ba96-10af580c0511"><testcase classname="tests.test_follow_ups.TestGetFollowUps" name="test_get_returns_expected_shape" time="0.605" /><testcase classname="tests.test_follow_ups.TestGetFollowUps" name="test_get_404_unknown_customer" time="0.099" /><testcase classname="tests.test_follow_ups.TestFollowUpValidation" name="test_invalid_status_returns_400" time="0.235" /><testcase classname="tests.test_follow_ups.TestFollowUpValidation" name="test_invalid_stage_returns_400" time="0.102" /><testcase classname="tests.test_follow_ups.TestFollowUpCRUD" name="test_create_get_delete_admin" time="0.580" /><testcase classname="tests.test_follow_ups.TestFollowUpCRUD" name="test_delete_unknown_followup_returns_404" time="0.108" /><testcase classname="tests.test_follow_ups.TestFollowUpCRUD" name="test_sales_role_can_create_and_delete" time="0.639" /><testcase classname="tests.test_follow_ups.TestFollowUpCRUD" name="test_accounts_role_can_create_and_delete" time="0.663" /><testcase classname="tests.test_follow_ups.TestUpcoming" name="test_upcoming_returns_only_today_or_pastdue" time="1.086" /><testcase classname="tests.test_follow_ups.TestUpcoming" name="test_upcoming_requires_auth" time="0.097" /></testsuite></testsuites>