<?xml version="1.0" encoding="utf-8"?><testsuites name="pytest tests"><testsuite name="pytest" errors="0" failures="0" skipped="0" tests="8" time="3.329" timestamp="2026-06-27T17:59:54.363973+00:00" hostname="agent-env-0ee6c042-a0ed-47b7-ba96-10af580c0511"><testcase classname="tests.test_call_status_column.TestQuickStatusValidation" name="test_invalid_status_returns_400" time="0.466" /><testcase classname="tests.test_call_status_column.TestQuickStatusValidation" name="test_unknown_customer_returns_404" time="0.106" /><testcase classname="tests.test_call_status_column.TestQuickStatusHappyPath" name="test_admin_can_set_call_status_and_persists" time="0.267" /><testcase classname="tests.test_call_status_column.TestQuickStatusHappyPath" name="test_setting_new_status_updates_latest" time="0.304" /><testcase classname="tests.test_call_status_column.TestRoleParity" name="test_sales_can_set_call_status" time="0.459" /><testcase classname="tests.test_call_status_column.TestRoleParity" name="test_accounts_can_set_call_status" time="0.482" /><testcase classname="tests.test_call_status_column.TestCustomersListSchema" name="test_every_customer_has_latest_call_status_key" time="0.292" /><testcase classname="tests.test_call_status_column.TestTrackerHistoryIntegration" name="test_quick_status_entries_visible_in_tracker" time="0.891" /></testsuite></testsuites>