<?xml version="1.0" encoding="utf-8"?><testsuites name="pytest tests"><testsuite name="pytest" errors="0" failures="0" skipped="0" tests="10" time="2.917" timestamp="2026-07-28T20:55:56.188183+00:00" hostname="agent-env-0ee6c042-a0ed-47b7-ba96-10af580c0511"><testcase classname="tests.test_disbursement_summary_iteration53" name="test_admin_access_shape" time="0.654" /><testcase classname="tests.test_disbursement_summary_iteration53" name="test_sales_denied" time="0.512" /><testcase classname="tests.test_disbursement_summary_iteration53" name="test_accounts_denied" time="0.479" /><testcase classname="tests.test_disbursement_summary_iteration53" name="test_bank_normalization_hdfc" time="0.112" /><testcase classname="tests.test_disbursement_summary_iteration53" name="test_pending_and_disbursed_math" time="0.111" /><testcase classname="tests.test_disbursement_summary_iteration53" name="test_over_disbursement_clamp" time="0.115" /><testcase classname="tests.test_disbursement_summary_iteration53" name="test_self_finance_excluded" time="0.153" /><testcase classname="tests.test_disbursement_summary_iteration53" name="test_orphan_appears_in_unmatched" time="0.152" /><testcase classname="tests.test_disbursement_summary_iteration53" name="test_orphan_not_in_banks_or_grand_disbursed" time="0.153" /><testcase classname="tests.test_disbursement_summary_iteration53" name="test_delete_orphan_cleanup" time="0.340" /></testsuite></testsuites>