<?xml version="1.0" encoding="utf-8"?><testsuites name="pytest tests"><testsuite name="pytest" errors="0" failures="0" skipped="0" tests="32" time="14.874" timestamp="2026-04-10T20:17:46.383420+00:00" hostname="agent-env-0ee6c042-a0ed-47b7-ba96-10af580c0511"><testcase classname="tests.test_backend_refactoring_iteration28.TestHealthEndpoints" name="test_api_health" time="0.221" /><testcase classname="tests.test_backend_refactoring_iteration28.TestAuthRoutes" name="test_admin_login" time="0.349" /><testcase classname="tests.test_backend_refactoring_iteration28.TestAuthRoutes" name="test_accounts_login" time="0.350" /><testcase classname="tests.test_backend_refactoring_iteration28.TestAuthRoutes" name="test_invalid_login" time="0.103" /><testcase classname="tests.test_backend_refactoring_iteration28.TestDashboardRoutes" name="test_dashboard_stats" time="0.456" /><testcase classname="tests.test_backend_refactoring_iteration28.TestDashboardRoutes" name="test_recent_activities" time="0.465" /><testcase classname="tests.test_backend_refactoring_iteration28.TestDashboardRoutes" name="test_upcoming_due_dates" time="0.524" /><testcase classname="tests.test_backend_refactoring_iteration28.TestDashboardRoutes" name="test_overdue_by_stage" time="0.485" /><testcase classname="tests.test_backend_refactoring_iteration28.TestCustomerRoutes" name="test_get_customers_list" time="0.479" /><testcase classname="tests.test_backend_refactoring_iteration28.TestCustomerRoutes" name="test_get_single_customer" time="0.516" /><testcase classname="tests.test_backend_refactoring_iteration28.TestCustomerRoutes" name="test_get_customer_notes" time="0.465" /><testcase classname="tests.test_backend_refactoring_iteration28.TestCustomerRoutes" name="test_get_customer_overdue" time="0.450" /><testcase classname="tests.test_backend_refactoring_iteration28.TestPaymentRoutes" name="test_get_transactions" time="0.488" /><testcase classname="tests.test_backend_refactoring_iteration28.TestPaymentRoutes" name="test_get_payment_schedule" time="0.467" /><testcase classname="tests.test_backend_refactoring_iteration28.TestPaymentRoutes" name="test_get_payments_overview" time="0.451" /><testcase classname="tests.test_backend_refactoring_iteration28.TestSettingsRoutes" name="test_get_payment_stages" time="0.473" /><testcase classname="tests.test_backend_refactoring_iteration28.TestSettingsRoutes" name="test_get_current_stage" time="0.463" /><testcase classname="tests.test_backend_refactoring_iteration28.TestSettingsRoutes" name="test_get_projects" time="0.476" /><testcase classname="tests.test_backend_refactoring_iteration28.TestSettingsRoutes" name="test_get_units" time="0.448" /><testcase classname="tests.test_backend_refactoring_iteration28.TestSettingsRoutes" name="test_get_activity_logs" time="0.448" /><testcase classname="tests.test_backend_refactoring_iteration28.TestBookingRoutes" name="test_get_pending_leads" time="0.448" /><testcase classname="tests.test_backend_refactoring_iteration28.TestEmailRoutes" name="test_get_email_logs" time="0.468" /><testcase classname="tests.test_backend_refactoring_iteration28.TestEmailRoutes" name="test_get_communication_history" time="0.473" /><testcase classname="tests.test_backend_refactoring_iteration28.TestEmailRoutes" name="test_preview_welcome_email" time="0.546" /><testcase classname="tests.test_backend_refactoring_iteration28.TestDocumentRoutes" name="test_get_customer_documents" time="0.628" /><testcase classname="tests.test_backend_refactoring_iteration28.TestDocumentRoutes" name="test_get_uploaded_documents" time="0.470" /><testcase classname="tests.test_backend_refactoring_iteration28.TestDocumentRoutes" name="test_get_document_checklist" time="0.489" /><testcase classname="tests.test_backend_refactoring_iteration28.TestDocumentRoutes" name="test_get_templates" time="0.509" /><testcase classname="tests.test_backend_refactoring_iteration28.TestDocumentRoutes" name="test_generate_document" time="0.487" /><testcase classname="tests.test_backend_refactoring_iteration28.TestExportRoutes" name="test_export_customers_csv" time="0.507" /><testcase classname="tests.test_backend_refactoring_iteration28.TestExportRoutes" name="test_export_customers_excel" time="0.683" /><testcase classname="tests.test_backend_refactoring_iteration28.TestExportRoutes" name="test_export_payments_csv" time="0.480" /></testsuite></testsuites>