<?xml version="1.0" encoding="utf-8"?><testsuites name="pytest tests"><testsuite name="pytest" errors="0" failures="2" skipped="0" tests="10" time="11.259" timestamp="2026-04-02T13:36:16.501048+00:00" hostname="agent-env-0ee6c042-a0ed-47b7-ba96-10af580c0511"><testcase classname="tests.test_booking_transactions.TestPaymentTracking" name="test_kuldeep_transactions_total" time="0.586" /><testcase classname="tests.test_booking_transactions.TestPaymentTracking" name="test_kuldeep_overdue_endpoint" time="0.123" /><testcase classname="tests.test_booking_transactions.TestPaymentTracking" name="test_reddimasi_transactions_total" time="0.152" /><testcase classname="tests.test_booking_transactions.TestPaymentTracking" name="test_reddimasi_overdue_endpoint" time="0.109" /><testcase classname="tests.test_booking_transactions.TestDashboardRevenue" name="test_dashboard_total_revenue" time="0.115" /><testcase classname="tests.test_booking_transactions.TestDashboardRevenue" name="test_total_transactions_count" time="4.438"><failure message="AssertionError: Expected 147 transactions but got 145&#10;assert 145 == 147">backend/tests/test_booking_transactions.py:182: in test_total_transactions_count
    assert total_txn_count == 147, f"Expected 147 transactions but got {total_txn_count}"
E   AssertionError: Expected 147 transactions but got 145
E   assert 145 == 147</failure></testcase><testcase classname="tests.test_booking_transactions.TestAutoGenerateBookingTransaction" name="test_create_customer_with_booking_amount_auto_generates_transaction" time="0.346" /><testcase classname="tests.test_booking_transactions.TestMigrationNoDuplicates" name="test_no_duplicate_booking_transactions" time="4.997"><failure message="AssertionError: Found 16 customers with duplicate booking transactions&#10;assert 16 == 0&#10; +  where 16 = len([{'booking_amount': 100000, 'booking_txn_count': 10, 'booking_txn_total': 800000.0, 'customer_id': '055fda48-5f00-4e44-8bcb-2db593c8af63', ...}, {'booking_amount': 200000, 'booking_txn_count': 4, 'booking_txn_total': 1926725.0, 'customer_id': 'c514f446-bb16-43b2-bd37-faf767006024', ...}, {'booking_amount': 200000.0, 'booking_txn_count': 4, 'booking_txn_total': 2576439.0, 'customer_id': 'ea5dcfb6-dcdd-48cc-94a4-648f039506cf', ...}, {'booking_amount': 100000.0, 'booking_txn_count': 3, 'booking_txn_total': 200000.0, 'customer_id': '1196aa21-b489-4e31-a916-1e4a458b04b4', ...}, {'booking_amount': 100000.0, 'booking_txn_count': 4, 'booking_txn_total': 4081350.0, 'customer_id': '45bac365-a1f9-4ed2-bae0-ae51768d85fb', ...}, {'booking_amount': 70000.0, 'booking_txn_count': 5, 'booking_txn_total': 4023444.0, 'customer_id': '9162c2ee-1d30-4ec0-902c-bbc04c7e9768', ...}, ...])">backend/tests/test_booking_transactions.py:308: in test_no_duplicate_booking_transactions
    assert len(duplicates_found) == 0, f"Found {len(duplicates_found)} customers with duplicate booking transactions"
E   AssertionError: Found 16 customers with duplicate booking transactions
E   assert 16 == 0
E    +  where 16 = len([{'booking_amount': 100000, 'booking_txn_count': 10, 'booking_txn_total': 800000.0, 'customer_id': '055fda48-5f00-4e44-8bcb-2db593c8af63', ...}, {'booking_amount': 200000, 'booking_txn_count': 4, 'booking_txn_total': 1926725.0, 'customer_id': 'c514f446-bb16-43b2-bd37-faf767006024', ...}, {'booking_amount': 200000.0, 'booking_txn_count': 4, 'booking_txn_total': 2576439.0, 'customer_id': 'ea5dcfb6-dcdd-48cc-94a4-648f039506cf', ...}, {'booking_amount': 100000.0, 'booking_txn_count': 3, 'booking_txn_total': 200000.0, 'customer_id': '1196aa21-b489-4e31-a916-1e4a458b04b4', ...}, {'booking_amount': 100000.0, 'booking_txn_count': 4, 'booking_txn_total': 4081350.0, 'customer_id': '45bac365-a1f9-4ed2-bae0-ae51768d85fb', ...}, {'booking_amount': 70000.0, 'booking_txn_count': 5, 'booking_txn_total': 4023444.0, 'customer_id': '9162c2ee-1d30-4ec0-902c-bbc04c7e9768', ...}, ...])</failure></testcase><testcase classname="tests.test_booking_transactions.TestOverdueCalculations" name="test_overdue_by_stage_endpoint" time="0.124" /><testcase classname="tests.test_booking_transactions.TestSalesAgreementDocument" name="test_sales_agreement_generation" time="0.124" /></testsuite></testsuites>