<?xml version="1.0" encoding="utf-8"?><testsuites name="pytest tests"><testsuite name="pytest" errors="0" failures="0" skipped="0" tests="11" time="1.104" timestamp="2026-04-02T08:22:30.477512+00:00" hostname="agent-env-0ee6c042-a0ed-47b7-ba96-10af580c0511"><testcase classname="tests.test_booking_id_import.TestBookingIdImport" name="test_sovaraj_prusty_booking_number" time="0.488" /><testcase classname="tests.test_booking_id_import.TestBookingIdImport" name="test_sovaraj_prusty_booking_amount" time="0.048" /><testcase classname="tests.test_booking_id_import.TestBookingIdImport" name="test_sovaraj_prusty_booking_date" time="0.046" /><testcase classname="tests.test_booking_id_import.TestBookingIdImport" name="test_sovaraj_prusty_agreement_date" time="0.052" /><testcase classname="tests.test_booking_id_import.TestBookingIdImport" name="test_sovaraj_prusty_remarks" time="0.049" /><testcase classname="tests.test_booking_id_import.TestSearchByBookingNumber" name="test_search_by_booking_number_pab035" time="0.049" /><testcase classname="tests.test_booking_id_import.TestSearchByBookingNumber" name="test_search_by_booking_number_pab001" time="0.049" /><testcase classname="tests.test_booking_id_import.TestAllCustomersHaveBookingNumber" name="test_all_customers_have_booking_number" time="0.070" /><testcase classname="tests.test_booking_id_import.TestAllCustomersHaveBookingNumber" name="test_booking_numbers_follow_pattern" time="0.057" /><testcase classname="tests.test_booking_id_import.TestRamyaTestLead" name="test_ramya_has_booking_number" time="0.047" /><testcase classname="tests.test_booking_id_import.TestRamyaTestLead" name="test_ramya_customer_id_still_exists" time="0.046" /></testsuite></testsuites>