<?xml version="1.0" encoding="utf-8"?><testsuites name="pytest tests"><testsuite name="pytest" errors="0" failures="0" skipped="0" tests="7" time="4.960" timestamp="2026-06-27T18:31:38.717536+00:00" hostname="agent-env-0ee6c042-a0ed-47b7-ba96-10af580c0511"><testcase classname="tests.test_noc_bajaj_pdf.TestNocBajajPdf" name="test_generate_bajaj_returns_document" time="0.588" /><testcase classname="tests.test_noc_bajaj_pdf.TestNocBajajPdf" name="test_bajaj_pdf_is_valid_binary" time="0.834" /><testcase classname="tests.test_noc_bajaj_pdf.TestNocBajajPdf" name="test_bajaj_pdf_contains_all_purchaser_labels" time="0.727" /><testcase classname="tests.test_noc_bajaj_pdf.TestNocBajajPdf" name="test_bajaj_long_address_row_intact" time="0.668" /><testcase classname="tests.test_noc_bajaj_pdf.TestNocBajajPdf" name="test_bajaj_addressee_and_signature_intact" time="0.690" /><testcase classname="tests.test_noc_bajaj_pdf.TestNocRegression" name="test_hdfc_noc_generates_and_downloads" time="0.675" /><testcase classname="tests.test_noc_bajaj_pdf.TestRowSplittingVisual" name="test_rows_partition_across_pages" time="0.662" /></testsuite></testsuites>