<?xml version="1.0" encoding="utf-8"?><testsuites name="pytest tests"><testsuite name="pytest" errors="5" failures="5" skipped="9" tests="99" time="59.868" timestamp="2026-07-03T09:34:10.637006+00:00" hostname="agent-env-0ee6c042-a0ed-47b7-ba96-10af580c0511"><testcase classname="tests.test_backend_refactoring_iteration28.TestPaymentRoutes" name="test_get_transactions" time="0.465" /><testcase classname="tests.test_backend_refactoring_iteration28.TestPaymentRoutes" name="test_get_payment_schedule" time="0.409" /><testcase classname="tests.test_backend_refactoring_iteration28.TestPaymentRoutes" name="test_get_payments_overview" time="0.409" /><testcase classname="tests.test_backend_refactoring_iteration28.TestSettingsRoutes" name="test_get_payment_stages" time="0.409" /><testcase classname="tests.test_backend_refactoring_iteration28.TestExportRoutes" name="test_export_payments_csv" time="0.413" /><testcase classname="tests.test_booking_transactions.TestPaymentTracking" name="test_kuldeep_transactions_total" time="0.413" /><testcase classname="tests.test_booking_transactions.TestPaymentTracking" name="test_kuldeep_overdue_endpoint" time="0.099"><failure message="AssertionError: Failed to get overdue: {&quot;detail&quot;:&quot;Customer not found&quot;}&#10;assert 404 == 200&#10; +  where 404 = &lt;Response [404]&gt;.status_code">tests/test_booking_transactions.py:79: in test_kuldeep_overdue_endpoint
    assert response.status_code == 200, f"Failed to get overdue: {response.text}"
E   AssertionError: Failed to get overdue: {"detail":"Customer not found"}
E   assert 404 == 200
E    +  where 404 = &lt;Response [404]&gt;.status_code</failure></testcase><testcase classname="tests.test_booking_transactions.TestPaymentTracking" name="test_reddimasi_transactions_total" time="0.091"><failure message="AssertionError: Expected 8 transactions but got 7&#10;assert 7 == 8&#10; +  where 7 = len([{'amount': 1000.0, 'bank_name': None, 'created_at': '2026-03-20T13:38:46.635367+00:00', 'created_by': None, ...}, {'a...{'amount': 50000.0, 'bank_name': None, 'created_at': '2026-03-20T13:38:46.635005+00:00', 'created_by': None, ...}, ...])">tests/test_booking_transactions.py:108: in test_reddimasi_transactions_total
    assert len(transactions) == 8, f"Expected 8 transactions but got {len(transactions)}"
E   AssertionError: Expected 8 transactions but got 7
E   assert 7 == 8
E    +  where 7 = len([{'amount': 1000.0, 'bank_name': None, 'created_at': '2026-03-20T13:38:46.635367+00:00', 'created_by': None, ...}, {'a...{'amount': 50000.0, 'bank_name': None, 'created_at': '2026-03-20T13:38:46.635005+00:00', 'created_by': None, ...}, ...])</failure></testcase><testcase classname="tests.test_booking_transactions.TestPaymentTracking" name="test_reddimasi_overdue_endpoint" time="0.094"><failure message="AssertionError: Failed to get overdue: {&quot;detail&quot;:&quot;Customer not found&quot;}&#10;assert 404 == 200&#10; +  where 404 = &lt;Response [404]&gt;.status_code">tests/test_booking_transactions.py:119: in test_reddimasi_overdue_endpoint
    assert response.status_code == 200, f"Failed to get overdue: {response.text}"
E   AssertionError: Failed to get overdue: {"detail":"Customer not found"}
E   assert 404 == 200
E    +  where 404 = &lt;Response [404]&gt;.status_code</failure></testcase><testcase classname="tests.test_cumulative_percentage.TestPaymentScheduleAPI" name="test_payment_schedule_returns_cumulative_amounts" time="0.408" /><testcase classname="tests.test_cumulative_percentage.TestPaymentScheduleAPI" name="test_payment_schedule_cumulative_percentages" time="0.094" /><testcase classname="tests.test_cumulative_percentage.TestPaymentSchedulePDF" name="test_generate_payment_schedule_pdf_success" time="0.122" /><testcase classname="tests.test_cumulative_percentage.TestPaymentSchedulePDF" name="test_payment_schedule_pdf_contains_cumulative_header" time="0.128" /><testcase classname="tests.test_cumulative_percentage.TestSalesAgreementPDF" name="test_sales_agreement_includes_payment_schedule" time="0.133" /><testcase classname="tests.test_demand_letter.TestDemandLetterBackend" name="test_06_demand_letter_contains_payment_table" time="0.442" /><testcase classname="tests.test_document_templates_iteration22.TestDocumentGeneration" name="test_document_generation_success[payment_schedule]" time="0.433" /><testcase classname="tests.test_document_templates_iteration22.TestCustomerDetailAPIs" name="test_get_customer_payment_schedule" time="0.042" /><testcase classname="tests.test_e2e_complete.TestRRLCRME2E" name="test_07_payments_overview" time="0.363" /><testcase classname="tests.test_e2e_complete.TestRRLCRME2E" name="test_12_get_payment_schedule" time="0.000"><failure message="AttributeError: module 'pytest' has no attribute 'existing_customer_id'">tests/test_e2e_complete.py:201: in test_12_get_payment_schedule
    if not pytest.existing_customer_id:
           ^^^^^^^^^^^^^^^^^^^^^^^^^^^
E   AttributeError: module 'pytest' has no attribute 'existing_customer_id'</failure></testcase><testcase classname="tests.test_export_features.TestExportPaymentsCSV" name="test_export_payments_csv_returns_valid_csv" time="0.335"><error message="failed on setup with &quot;AssertionError: Login failed: {&quot;detail&quot;:&quot;Invalid credentials&quot;}&#10;assert 401 == 200&#10; +  where 401 = &lt;Response [401]&gt;.status_code&quot;">tests/test_export_features.py:24: in auth_token
    assert response.status_code == 200, f"Login failed: {response.text}"
E   AssertionError: Login failed: {"detail":"Invalid credentials"}
E   assert 401 == 200
E    +  where 401 = &lt;Response [401]&gt;.status_code</error></testcase><testcase classname="tests.test_export_features.TestPaymentSchedulePDF" name="test_get_customers_for_pdf_test" time="0.316"><error message="failed on setup with &quot;AssertionError: Login failed: {&quot;detail&quot;:&quot;Invalid credentials&quot;}&#10;assert 401 == 200&#10; +  where 401 = &lt;Response [401]&gt;.status_code&quot;">tests/test_export_features.py:24: in auth_token
    assert response.status_code == 200, f"Login failed: {response.text}"
E   AssertionError: Login failed: {"detail":"Invalid credentials"}
E   assert 401 == 200
E    +  where 401 = &lt;Response [401]&gt;.status_code</error></testcase><testcase classname="tests.test_export_features.TestPaymentSchedulePDF" name="test_payment_schedule_pdf_endpoint_exists" time="0.000"><error message="failed on setup with &quot;AssertionError: Login failed: {&quot;detail&quot;:&quot;Invalid credentials&quot;}&#10;assert 401 == 200&#10; +  where 401 = &lt;Response [401]&gt;.status_code&quot;">tests/test_export_features.py:24: in auth_token
    assert response.status_code == 200, f"Login failed: {response.text}"
E   AssertionError: Login failed: {"detail":"Invalid credentials"}
E   assert 401 == 200
E    +  where 401 = &lt;Response [401]&gt;.status_code</error></testcase><testcase classname="tests.test_generate_schedule_duedates.TestGenerateScheduleForRamya" name="test_ensure_ramya_booking_date_matches" time="0.451" /><testcase classname="tests.test_generate_schedule_duedates.TestGenerateScheduleForRamya" name="test_generate_schedule_returns_13_items_with_due_dates" time="0.100" /><testcase classname="tests.test_generate_schedule_duedates.TestGenerateScheduleForRamya" name="test_first_five_due_dates_match_offsets" time="0.095" /><testcase classname="tests.test_generate_schedule_duedates.TestGenerateScheduleForRamya" name="test_percentages_sum_to_100_and_cumulative_correct" time="0.104" /><testcase classname="tests.test_generate_schedule_duedates.TestGenerateScheduleFallback" name="test_create_scratch_customer_and_generate" time="0.288" /><testcase classname="tests.test_generate_schedule_duedates.TestGenerateScheduleFallback" name="test_cleanup_scratch_customer" time="0.097" /><testcase classname="tests.test_generate_schedule_duedates.TestBookingDateParserVariants" name="test_parser_variant[2025-06-15-expected_anchor0]" time="0.291" /><testcase classname="tests.test_generate_schedule_duedates.TestBookingDateParserVariants" name="test_parser_variant[2025-06-15T10:30:00-expected_anchor1]" time="0.288" /><testcase classname="tests.test_generate_schedule_duedates.TestPaymentScheduleTemplate" name="test_template_returns_13_items_with_days_offset" time="0.206" /><testcase classname="tests.test_iteration23_features.TestDocumentTemplatesWithCoApplicant" name="test_payment_schedule_pdf_has_co_applicant" time="0.434" /><testcase classname="tests.test_iteration23_features.TestPaymentStageSettings" name="test_get_payment_stages" time="0.423" /><testcase classname="tests.test_iteration23_features.TestPaymentStageSettings" name="test_get_current_stage" time="0.089" /><testcase classname="tests.test_iteration23_features.TestPaymentStageSettings" name="test_set_current_stage" time="0.191" /><testcase classname="tests.test_iteration23_features.TestPaymentStageSettings" name="test_get_overdue_by_stage" time="0.099" /><testcase classname="tests.test_iteration24_features.TestPaymentStageSettings" name="test_get_payment_stages" time="0.410" /><testcase classname="tests.test_iteration24_features.TestPaymentStageSettings" name="test_set_current_stage" time="0.101" /><testcase classname="tests.test_letterhead_iteration36" name="test_doc_has_letterhead_and_valid_pdf[payment_schedule]" time="1.192" /><testcase classname="tests.test_letterhead_iteration36" name="test_doc_has_letterhead_and_valid_pdf[payment_receipt]" time="0.360" /><testcase classname="tests.test_letterhead_iteration36" name="test_payment_schedule_autogenerate" time="0.058" /><testcase classname="tests.test_notification_bell.TestPendingEndpoint" name="test_sorting_past_due_then_today_then_upcoming_then_unscheduled" time="1.681" /><testcase classname="tests.test_payment_receipt" name="test_create_transaction_assigns_receipt_number" time="0.423" /><testcase classname="tests.test_payment_receipt" name="test_generate_payment_receipt_returns_full_payload" time="0.136" /><testcase classname="tests.test_payment_receipt" name="test_generate_payment_receipt_reuses_existing" time="0.128" /><testcase classname="tests.test_payment_receipt" name="test_pdf_download_works" time="0.372" /><testcase classname="tests.test_payment_receipt" name="test_admin_can_edit_receipt" time="0.400" /><testcase classname="tests.test_payment_receipt" name="test_accounts_cannot_edit_receipt_but_can_generate" time="0.525" /><testcase classname="tests.test_payment_receipt" name="test_payments_overview_endpoint" time="0.092" /><testcase classname="tests.test_payment_receipt" name="test_transactions_list_includes_receipt_number" time="0.092" /><testcase classname="tests.test_payment_receipt" name="test_backfill_receipt_for_legacy_txn" time="0.297"><skipped type="pytest.skip" message="No legacy txn without receipt_number to backfill (expected by spec context).">/app/backend/tests/test_payment_receipt.py:223: No legacy txn without receipt_number to backfill (expected by spec context).</skipped></testcase><testcase classname="tests.test_payment_stages.TestPaymentStagesAPI" name="test_get_payment_stages_returns_list" time="0.411" /><testcase classname="tests.test_payment_stages.TestPaymentStagesAPI" name="test_payment_stages_include_podium_to_handover" time="0.086" /><testcase classname="tests.test_payment_stages.TestPaymentStagesAPI" name="test_payment_stages_cumulative_percentages" time="0.089" /><testcase classname="tests.test_payment_stages.TestCurrentStageAPI" name="test_get_current_stage" time="0.098" /><testcase classname="tests.test_payment_stages.TestCurrentStageAPI" name="test_set_current_stage_to_podium" time="0.093" /><testcase classname="tests.test_payment_stages.TestCurrentStageAPI" name="test_verify_stage_persisted" time="0.091" /><testcase classname="tests.test_payment_stages.TestCurrentStageAPI" name="test_set_invalid_stage_fails" time="0.113" /><testcase classname="tests.test_payment_stages.TestCustomerOverdueAPI" name="test_get_customer_overdue" time="0.101" /><testcase classname="tests.test_payment_stages.TestCustomerOverdueAPI" name="test_overdue_calculation_correct" time="0.185"><failure message="AssertionError: Overdue mismatch: 0 vs calculated -897.679999999993&#10;assert 897.679999999993 &lt; 1&#10; +  where 897.679999999993 = abs((0 - -897.679999999993))">tests/test_payment_stages.py:179: in test_overdue_calculation_correct
    assert abs(overdue - calculated_overdue) &lt; 1, f"Overdue mismatch: {overdue} vs calculated {calculated_overdue}"
E   AssertionError: Overdue mismatch: 0 vs calculated -897.679999999993
E   assert 897.679999999993 &lt; 1
E    +  where 897.679999999993 = abs((0 - -897.679999999993))</failure></testcase><testcase classname="tests.test_payment_stages.TestCustomerOverdueAPI" name="test_overdue_nonexistent_customer" time="0.114" /><testcase classname="tests.test_payment_stages.TestDashboardOverdueByStage" name="test_get_overdue_by_stage" time="0.106" /><testcase classname="tests.test_payment_stages.TestDashboardOverdueByStage" name="test_overdue_customers_list_structure" time="0.093" /><testcase classname="tests.test_payment_stages.TestCustomerNotesAPI" name="test_get_customer_notes" time="0.092" /><testcase classname="tests.test_payment_stages.TestCustomerNotesAPI" name="test_add_note_to_customer" time="0.092" /><testcase classname="tests.test_payment_stages.TestCustomerNotesAPI" name="test_verify_note_persisted" time="0.091" /><testcase classname="tests.test_payment_stages.TestCustomerNotesAPI" name="test_delete_note" time="0.102" /><testcase classname="tests.test_payment_stages.TestCustomerNotesAPI" name="test_verify_note_deleted" time="0.092" /><testcase classname="tests.test_payment_stages.TestCustomerNotesAPI" name="test_add_empty_note_fails" time="0.092" /><testcase classname="tests.test_payment_stages.TestPaymentDueDateAPI" name="test_update_payment_due_date" time="0.094" /><testcase classname="tests.test_payment_stages.TestPaymentDueDateAPI" name="test_verify_due_date_persisted" time="0.144" /><testcase classname="tests.test_payment_stages.TestCustomersOverdueFilter" name="test_customers_list_with_overdue_filter" time="0.208" /><testcase classname="tests.test_payment_tracking.TestPaymentTrackingFeature" name="test_01_login" time="0.317"><skipped type="pytest.skip" message="Authentication failed - skipping authenticated tests">/app/backend/tests/test_payment_tracking.py:27: Authentication failed - skipping authenticated tests</skipped></testcase><testcase classname="tests.test_payment_tracking.TestPaymentTrackingFeature" name="test_02_get_existing_customers" time="0.317"><skipped type="pytest.skip" message="Authentication failed - skipping authenticated tests">/app/backend/tests/test_payment_tracking.py:39: Authentication failed - skipping authenticated tests</skipped></testcase><testcase classname="tests.test_payment_tracking.TestPaymentTrackingFeature" name="test_03_get_customer_payment_schedule" time="0.315"><skipped type="pytest.skip" message="Authentication failed - skipping authenticated tests">/app/backend/tests/test_payment_tracking.py:58: Authentication failed - skipping authenticated tests</skipped></testcase><testcase classname="tests.test_payment_tracking.TestPaymentTrackingFeature" name="test_04_get_customer_initial_state" time="0.325"><skipped type="pytest.skip" message="Authentication failed - skipping authenticated tests">/app/backend/tests/test_payment_tracking.py:68: Authentication failed - skipping authenticated tests</skipped></testcase><testcase classname="tests.test_payment_tracking.TestPaymentTrackingFeature" name="test_05_update_payment_status_to_paid" time="0.317"><skipped type="pytest.skip" message="Authentication failed - skipping authenticated tests">/app/backend/tests/test_payment_tracking.py:83: Authentication failed - skipping authenticated tests</skipped></testcase><testcase classname="tests.test_payment_tracking.TestPaymentTrackingFeature" name="test_06_verify_customer_updated_after_status_change" time="0.313"><skipped type="pytest.skip" message="Authentication failed - skipping authenticated tests">/app/backend/tests/test_payment_tracking.py:143: Authentication failed - skipping authenticated tests</skipped></testcase><testcase classname="tests.test_payment_tracking.TestPaymentTrackingFeature" name="test_07_update_multiple_items_accumulates_correctly" time="0.316"><skipped type="pytest.skip" message="Authentication failed - skipping authenticated tests">/app/backend/tests/test_payment_tracking.py:172: Authentication failed - skipping authenticated tests</skipped></testcase><testcase classname="tests.test_payment_tracking.TestPaymentTrackingFeature" name="test_08_partial_payment_counts_half" time="0.309"><skipped type="pytest.skip" message="Authentication failed - skipping authenticated tests">/app/backend/tests/test_payment_tracking.py:222: Authentication failed - skipping authenticated tests</skipped></testcase><testcase classname="tests.test_payments_module.TestPaymentsModule" name="test_price_calculator_basic" time="0.359" /><testcase classname="tests.test_payments_module.TestPaymentsModule" name="test_price_calculator_with_additional_charges" time="0.039" /><testcase classname="tests.test_payments_module.TestPaymentsModule" name="test_disbursement_calculator" time="0.046" /><testcase classname="tests.test_payments_module.TestPaymentsModule" name="test_get_payment_schedule_template" time="0.039" /><testcase classname="tests.test_payments_module.TestPaymentsModule" name="test_get_payment_schedule" time="0.112" /><testcase classname="tests.test_payments_module.TestPaymentsModule" name="test_payments_overview" time="0.043" /><testcase classname="tests.test_payments_module.TestPaymentsModule" name="test_get_transactions" time="0.041" /><testcase classname="tests.test_payments_module.TestPaymentsModule" name="test_create_transaction" time="0.042" /><testcase classname="tests.test_refactoring_iteration15.TestPaymentScheduleAPIs" name="test_get_payment_schedule" time="0.445" /><testcase classname="tests.test_refactoring_iteration15.TestPaymentScheduleAPIs" name="test_get_transactions" time="0.093" /><testcase classname="tests.test_refactoring_iteration15.TestDocumentGenerationAPIs" name="test_generate_payment_schedule_doc" time="0.448" /><testcase classname="tests.test_refactoring_iteration21.TestCustomerDetailPage" name="test_get_payment_schedule" time="0.415" /><testcase classname="tests.test_refactoring_iteration21.TestDocumentGeneration" name="test_generate_payment_schedule" time="0.141" /><testcase classname="tests.test_rrl_crm_api.TestPriceCalculator" name="test_calculate_payment_tracking" time="36.041" /><testcase classname="tests.test_rrl_crm_api.TestPriceCalculator" name="test_payment_schedule_template" time="0.155" /><testcase classname="tests.test_rrl_crm_api.TestPaymentSchedule" name="test_auto_generate_payment_schedule" time="0.318"><error message="failed on setup with &quot;KeyError: 'access_token'&quot;">tests/test_rrl_crm_api.py:477: in auth_token
    return response.json()["access_token"]
           ^^^^^^^^^^^^^^^^^^^^^^^^^^^^^^^
E   KeyError: 'access_token'</error></testcase><testcase classname="tests.test_rrl_crm_api.TestPaymentSchedule" name="test_get_payment_schedule" time="0.000"><error message="failed on setup with &quot;KeyError: 'access_token'&quot;">tests/test_rrl_crm_api.py:477: in auth_token
    return response.json()["access_token"]
           ^^^^^^^^^^^^^^^^^^^^^^^^^^^^^^^
E   KeyError: 'access_token'</error></testcase><testcase classname="tests.test_slab_overdue_stats.TestDashboardSlabOverdue" name="test_collected_matches_payment_transactions_aggregate" time="0.520" /><testcase classname="tests.test_slab_overdue_stats.TestRamyaPaymentTracking" name="test_ramya_overdue_endpoint_intact" time="0.107" /></testsuite></testsuites>