<?xml version="1.0" encoding="utf-8"?><testsuites name="pytest tests"><testsuite name="pytest" errors="0" failures="0" skipped="0" tests="14" time="1.572" timestamp="2026-04-10T18:53:09.247324+00:00" hostname="agent-env-0ee6c042-a0ed-47b7-ba96-10af580c0511"><testcase classname="tests.test_iteration24_features.TestTransactionPDFExport" name="test_export_html_with_customer_id_rrl_format" time="0.522" /><testcase classname="tests.test_iteration24_features.TestTransactionPDFExport" name="test_export_html_with_uuid" time="0.060" /><testcase classname="tests.test_iteration24_features.TestCostBreakup" name="test_cost_breakup_bescom_fixed_200000" time="0.054" /><testcase classname="tests.test_iteration24_features.TestCostBreakup" name="test_cost_breakup_tds_row_exists" time="0.045" /><testcase classname="tests.test_iteration24_features.TestCostBreakup" name="test_cost_breakup_total_unchanged" time="0.094" /><testcase classname="tests.test_iteration24_features.TestNOCDocuments" name="test_noc_hdfc_date_format_dd_mm_yy" time="0.045" /><testcase classname="tests.test_iteration24_features.TestNOCDocuments" name="test_noc_hdfc_signature_order" time="0.049" /><testcase classname="tests.test_iteration24_features.TestNOCDocuments" name="test_noc_hdfc_due_date_is_today" time="0.047" /><testcase classname="tests.test_iteration24_features.TestNOCDocuments" name="test_noc_bob_date_format_and_signature" time="0.058" /><testcase classname="tests.test_iteration24_features.TestNOCDocuments" name="test_noc_tata_signature_order" time="0.050" /><testcase classname="tests.test_iteration24_features.TestDemandLetter" name="test_demand_letter_tds_calculated" time="0.157" /><testcase classname="tests.test_iteration24_features.TestPaymentStageSettings" name="test_get_payment_stages" time="0.047" /><testcase classname="tests.test_iteration24_features.TestPaymentStageSettings" name="test_set_current_stage" time="0.096" /><testcase classname="tests.test_iteration24_features.TestOverdueCalculation" name="test_customer_overdue_info" time="0.164" /></testsuite></testsuites>