<?xml version="1.0" encoding="utf-8"?><testsuites name="pytest tests"><testsuite name="pytest" errors="0" failures="0" skipped="0" tests="4" time="2.126" timestamp="2026-07-03T09:17:17.570010+00:00" hostname="agent-env-0ee6c042-a0ed-47b7-ba96-10af580c0511"><testcase classname="tests.test_stage_filter_iter50" name="test_valid_stage_keys_helper_direct" time="0.706" /><testcase classname="tests.test_stage_filter_iter50" name="test_upcoming_filters_far_future_stage" time="0.587" /><testcase classname="tests.test_stage_filter_iter50" name="test_pending_filter_matches_when_current_stage_advanced" time="0.403" /><testcase classname="tests.test_stage_filter_iter50" name="test_pending_fall_open_when_no_current_stage" time="0.386" /></testsuite></testsuites>