<?xml version="1.0" encoding="utf-8"?><testsuites name="pytest tests"><testsuite name="pytest" errors="0" failures="0" skipped="0" tests="25" time="4.078" timestamp="2026-04-10T17:09:26.441193+00:00" hostname="agent-env-0ee6c042-a0ed-47b7-ba96-10af580c0511"><testcase classname="tests.test_document_templates_iteration22.TestHealthCheck" name="test_api_health" time="0.174" /><testcase classname="tests.test_document_templates_iteration22.TestAuthentication" name="test_login_success" time="0.334" /><testcase classname="tests.test_document_templates_iteration22.TestDocumentGeneration" name="test_document_generation_success[demand_letter]" time="0.527" /><testcase classname="tests.test_document_templates_iteration22.TestDocumentGeneration" name="test_document_generation_success[allotment_letter]" time="0.074" /><testcase classname="tests.test_document_templates_iteration22.TestDocumentGeneration" name="test_document_generation_success[price_breakup]" time="0.066" /><testcase classname="tests.test_document_templates_iteration22.TestDocumentGeneration" name="test_document_generation_success[cost_breakup]" time="0.056" /><testcase classname="tests.test_document_templates_iteration22.TestDocumentGeneration" name="test_document_generation_success[payment_schedule]" time="0.052" /><testcase classname="tests.test_document_templates_iteration22.TestDocumentGeneration" name="test_document_generation_success[sales_agreement]" time="0.068" /><testcase classname="tests.test_document_templates_iteration22.TestDocumentGeneration" name="test_document_generation_success[noc_hdfc]" time="0.053" /><testcase classname="tests.test_document_templates_iteration22.TestDocumentGeneration" name="test_document_generation_success[noc_bob]" time="0.049" /><testcase classname="tests.test_document_templates_iteration22.TestDocumentGeneration" name="test_document_generation_success[noc_tata]" time="0.046" /><testcase classname="tests.test_document_templates_iteration22.TestAllotmentLetterContent" name="test_allotment_letter_has_logo_img_tag" time="0.064" /><testcase classname="tests.test_document_templates_iteration22.TestAllotmentLetterContent" name="test_allotment_letter_has_pvt_ltd_company_name" time="0.065" /><testcase classname="tests.test_document_templates_iteration22.TestAllotmentLetterContent" name="test_allotment_letter_has_repo_rate_text" time="0.065" /><testcase classname="tests.test_document_templates_iteration22.TestSalesAgreementContent" name="test_sales_agreement_has_logo_img_tag" time="0.066" /><testcase classname="tests.test_document_templates_iteration22.TestSalesAgreementContent" name="test_sales_agreement_has_pvt_ltd_company_name" time="0.064" /><testcase classname="tests.test_document_templates_iteration22.TestSalesAgreementContent" name="test_sales_agreement_has_applicant_details_block" time="0.075" /><testcase classname="tests.test_document_templates_iteration22.TestDemandLetterContent" name="test_demand_letter_has_logo_img_tag" time="0.072" /><testcase classname="tests.test_document_templates_iteration22.TestDemandLetterContent" name="test_demand_letter_has_private_limited_company_name" time="0.062" /><testcase classname="tests.test_document_templates_iteration22.TestDemandLetterContent" name="test_demand_letter_has_applicant_block" time="0.059" /><testcase classname="tests.test_document_templates_iteration22.TestCustomerDetailAPIs" name="test_get_customer_details" time="0.048" /><testcase classname="tests.test_document_templates_iteration22.TestCustomerDetailAPIs" name="test_get_customer_transactions" time="0.069" /><testcase classname="tests.test_document_templates_iteration22.TestCustomerDetailAPIs" name="test_get_customer_payment_schedule" time="0.063" /><testcase classname="tests.test_document_templates_iteration22.TestCustomerDetailAPIs" name="test_get_customer_documents_list" time="0.051" /><testcase classname="tests.test_document_templates_iteration22.TestCoApplicantDateOfBirth" name="test_booking_form_accepts_co_applicant_dob" time="1.683" /></testsuite></testsuites>