<?xml version="1.0" encoding="utf-8"?><testsuites name="pytest tests"><testsuite name="pytest" errors="0" failures="0" skipped="0" tests="11" time="5.422" timestamp="2026-06-27T18:08:22.229423+00:00" hostname="agent-env-0ee6c042-a0ed-47b7-ba96-10af580c0511"><testcase classname="tests.test_notification_bell.TestPendingEndpoint" name="test_requires_auth" time="0.552" /><testcase classname="tests.test_notification_bell.TestPendingEndpoint" name="test_returns_list_and_excludes_completed" time="0.527" /><testcase classname="tests.test_notification_bell.TestPendingEndpoint" name="test_sorting_past_due_then_today_then_upcoming_then_unscheduled" time="0.934" /><testcase classname="tests.test_notification_bell.TestPendingEndpoint" name="test_role_parity_sales" time="0.611" /><testcase classname="tests.test_notification_bell.TestPendingEndpoint" name="test_role_parity_accounts" time="0.645" /><testcase classname="tests.test_notification_bell.TestPatchFollowUp" name="test_mark_completed_stamps_metadata" time="0.588" /><testcase classname="tests.test_notification_bell.TestPatchFollowUp" name="test_invalid_status_returns_400" time="0.334" /><testcase classname="tests.test_notification_bell.TestPatchFollowUp" name="test_no_fields_returns_400" time="0.327" /><testcase classname="tests.test_notification_bell.TestPatchFollowUp" name="test_unknown_follow_up_returns_404" time="0.099" /><testcase classname="tests.test_notification_bell.TestPatchFollowUp" name="test_sales_can_mark_completed" time="0.302" /><testcase classname="tests.test_notification_bell.TestPatchFollowUp" name="test_accounts_can_mark_completed" time="0.438" /></testsuite></testsuites>