<?xml version="1.0" encoding="utf-8"?><testsuites name="pytest tests"><testsuite name="pytest" errors="0" failures="0" skipped="0" tests="24" time="3.242" timestamp="2026-03-18T15:23:48.498700+00:00" hostname="agent-env-979ed778-bcf1-4501-92a3-a07d3b6029ec"><testcase classname="tests.test_e2e_complete.TestRRLCRME2E" name="test_01_public_booking_form_endpoint_exists" time="0.098" /><testcase classname="tests.test_e2e_complete.TestRRLCRME2E" name="test_02_submit_booking_form" time="0.182" /><testcase classname="tests.test_e2e_complete.TestRRLCRME2E" name="test_03_login_with_valid_credentials" time="0.292" /><testcase classname="tests.test_e2e_complete.TestRRLCRME2E" name="test_04_auth_me_endpoint" time="0.067" /><testcase classname="tests.test_e2e_complete.TestRRLCRME2E" name="test_05_dashboard_stats" time="0.098" /><testcase classname="tests.test_e2e_complete.TestRRLCRME2E" name="test_06_dashboard_recent_activities" time="0.097" /><testcase classname="tests.test_e2e_complete.TestRRLCRME2E" name="test_07_payments_overview" time="0.072" /><testcase classname="tests.test_e2e_complete.TestRRLCRME2E" name="test_08_get_customers_list" time="0.103" /><testcase classname="tests.test_e2e_complete.TestRRLCRME2E" name="test_09_search_customers" time="0.061" /><testcase classname="tests.test_e2e_complete.TestRRLCRME2E" name="test_10_filter_customers_by_project" time="0.069" /><testcase classname="tests.test_e2e_complete.TestRRLCRME2E" name="test_11_get_customer_detail" time="0.065" /><testcase classname="tests.test_e2e_complete.TestRRLCRME2E" name="test_12_get_payment_schedule" time="0.066" /><testcase classname="tests.test_e2e_complete.TestRRLCRME2E" name="test_13_get_customer_transactions" time="0.063" /><testcase classname="tests.test_e2e_complete.TestRRLCRME2E" name="test_14_price_calculator" time="0.056" /><testcase classname="tests.test_e2e_complete.TestRRLCRME2E" name="test_15_create_transaction" time="0.074" /><testcase classname="tests.test_e2e_complete.TestRRLCRME2E" name="test_16_generate_allotment_letter" time="0.109" /><testcase classname="tests.test_e2e_complete.TestRRLCRME2E" name="test_17_generate_sales_agreement" time="0.059" /><testcase classname="tests.test_e2e_complete.TestRRLCRME2E" name="test_18_generate_price_breakup" time="0.066" /><testcase classname="tests.test_e2e_complete.TestRRLCRME2E" name="test_19_get_customer_documents" time="0.083" /><testcase classname="tests.test_e2e_complete.TestRRLCRME2E" name="test_20_get_communication_logs" time="0.069" /><testcase classname="tests.test_e2e_complete.TestRRLCRME2E" name="test_21_preview_welcome_email" time="0.067" /><testcase classname="tests.test_e2e_complete.TestRRLCRME2E" name="test_22_export_customers_csv" time="0.063" /><testcase classname="tests.test_e2e_complete.TestRRLCRME2E" name="test_23_export_customers_excel" time="1.000" /><testcase classname="tests.test_e2e_complete.TestRRLCRME2E" name="test_24_get_projects" time="0.073" /></testsuite></testsuites>