<?xml version="1.0" encoding="utf-8"?><testsuites name="pytest tests"><testsuite name="pytest" errors="0" failures="0" skipped="0" tests="8" time="1.656" timestamp="2026-04-10T19:07:09.696783+00:00" hostname="agent-env-0ee6c042-a0ed-47b7-ba96-10af580c0511"><testcase classname="tests.test_iteration25_features.TestSalesAgreementSignature" name="test_generate_sales_agreement" time="0.628" /><testcase classname="tests.test_iteration25_features.TestSalesAgreementSignature" name="test_sales_agreement_vendors_signature_text" time="0.160" /><testcase classname="tests.test_iteration25_features.TestEmailLogsAPI" name="test_email_logs_endpoint_exists" time="0.187" /><testcase classname="tests.test_iteration25_features.TestEmailLogsAPI" name="test_email_logs_pagination" time="0.134" /><testcase classname="tests.test_iteration25_features.TestEmailLogsAPI" name="test_email_logs_status_filter" time="0.112" /><testcase classname="tests.test_iteration25_features.TestEmailLogsAPI" name="test_email_logs_customer_enrichment" time="0.109" /><testcase classname="tests.test_iteration25_features.TestEmailLogsAPI" name="test_email_logs_search" time="0.113" /><testcase classname="tests.test_iteration25_features.TestEmailLogsPageRoute" name="test_email_logs_page_accessible" time="0.147" /></testsuite></testsuites>