<?xml version="1.0" encoding="utf-8"?><testsuites name="pytest tests"><testsuite name="pytest" errors="0" failures="0" skipped="0" tests="18" time="6.210" timestamp="2026-05-13T10:05:40.995823+00:00" hostname="agent-env-0ee6c042-a0ed-47b7-ba96-10af580c0511"><testcase classname="tests.test_iteration30_doc_editor.TestEditDocumentHtml" name="test_admin_can_update" time="0.828" /><testcase classname="tests.test_iteration30_doc_editor.TestEditDocumentHtml" name="test_missing_content_returns_400" time="0.146" /><testcase classname="tests.test_iteration30_doc_editor.TestEditDocumentHtml" name="test_empty_string_returns_400" time="0.104" /><testcase classname="tests.test_iteration30_doc_editor.TestEditDocumentHtml" name="test_non_string_returns_400" time="0.113" /><testcase classname="tests.test_iteration30_doc_editor.TestEditDocumentHtml" name="test_accounts_gets_403" time="0.437" /><testcase classname="tests.test_iteration30_doc_editor.TestEditDocumentHtml" name="test_unknown_doc_returns_404" time="0.161" /><testcase classname="tests.test_iteration30_doc_editor.TestPdfDownload" name="test_pdf_download_after_edit" time="0.237" /><testcase classname="tests.test_iteration30_doc_editor.TestSnapshotTemplate" name="test_full_snapshot_override_revert_cycle" time="0.969" /><testcase classname="tests.test_iteration30_doc_editor.TestSnapshotTemplate" name="test_snapshot_requires_customer_id" time="0.152" /><testcase classname="tests.test_iteration30_doc_editor.TestSnapshotTemplate" name="test_snapshot_accounts_forbidden" time="0.101" /><testcase classname="tests.test_iteration30_doc_editor.TestGeneratorsRegression" name="test_generate[sales_agreement]" time="0.365" /><testcase classname="tests.test_iteration30_doc_editor.TestGeneratorsRegression" name="test_generate[allotment_letter]" time="0.373" /><testcase classname="tests.test_iteration30_doc_editor.TestGeneratorsRegression" name="test_generate[price_breakup]" time="0.337" /><testcase classname="tests.test_iteration30_doc_editor.TestGeneratorsRegression" name="test_generate[cost_breakup]" time="0.341" /><testcase classname="tests.test_iteration30_doc_editor.TestGeneratorsRegression" name="test_generate[demand_letter]" time="0.353" /><testcase classname="tests.test_iteration30_doc_editor.TestGeneratorsRegression" name="test_generate[noc_hdfc]" time="0.334" /><testcase classname="tests.test_iteration30_doc_editor.TestGeneratorsRegression" name="test_generate[noc_bob]" time="0.325" /><testcase classname="tests.test_iteration30_doc_editor.TestGeneratorsRegression" name="test_generate[noc_tata]" time="0.469" /></testsuite></testsuites>