<?xml version="1.0" encoding="utf-8"?><testsuites name="pytest tests"><testsuite name="pytest" errors="0" failures="0" skipped="0" tests="12" time="4.066" timestamp="2026-04-10T17:53:25.225898+00:00" hostname="agent-env-0ee6c042-a0ed-47b7-ba96-10af580c0511"><testcase classname="tests.test_iteration23_features.TestAuth" name="test_login_success" time="0.527" /><testcase classname="tests.test_iteration23_features.TestCustomerWithCoApplicant" name="test_customer_has_co_applicant" time="0.498" /><testcase classname="tests.test_iteration23_features.TestDocumentTemplatesWithCoApplicant" name="test_price_breakup_has_co_applicant" time="0.509" /><testcase classname="tests.test_iteration23_features.TestDocumentTemplatesWithCoApplicant" name="test_payment_schedule_pdf_has_co_applicant" time="0.122" /><testcase classname="tests.test_iteration23_features.TestDocumentTemplatesWithCoApplicant" name="test_terms_conditions_not_in_api" time="0.128" /><testcase classname="tests.test_iteration23_features.TestPaymentStageSettings" name="test_get_payment_stages" time="0.506" /><testcase classname="tests.test_iteration23_features.TestPaymentStageSettings" name="test_get_current_stage" time="0.127" /><testcase classname="tests.test_iteration23_features.TestPaymentStageSettings" name="test_set_current_stage" time="0.240" /><testcase classname="tests.test_iteration23_features.TestPaymentStageSettings" name="test_get_overdue_by_stage" time="0.184" /><testcase classname="tests.test_iteration23_features.TestTransactionExportPDF" name="test_export_transactions_html_endpoint" time="0.504" /><testcase classname="tests.test_iteration23_features.TestTransactionExportPDF" name="test_export_transactions_has_table_structure" time="0.136" /><testcase classname="tests.test_iteration23_features.TestDashboardStats" name="test_dashboard_stats" time="0.505" /></testsuite></testsuites>