<?xml version="1.0" encoding="utf-8"?><testsuites name="pytest tests"><testsuite name="pytest" errors="0" failures="0" skipped="0" tests="9" time="2.495" timestamp="2026-07-03T09:33:50.541452+00:00" hostname="agent-env-0ee6c042-a0ed-47b7-ba96-10af580c0511"><testcase classname="tests.test_generate_schedule_duedates.TestGenerateScheduleForRamya" name="test_ensure_ramya_booking_date_matches" time="0.589" /><testcase classname="tests.test_generate_schedule_duedates.TestGenerateScheduleForRamya" name="test_generate_schedule_returns_13_items_with_due_dates" time="0.099" /><testcase classname="tests.test_generate_schedule_duedates.TestGenerateScheduleForRamya" name="test_first_five_due_dates_match_offsets" time="0.097" /><testcase classname="tests.test_generate_schedule_duedates.TestGenerateScheduleForRamya" name="test_percentages_sum_to_100_and_cumulative_correct" time="0.099" /><testcase classname="tests.test_generate_schedule_duedates.TestGenerateScheduleFallback" name="test_create_scratch_customer_and_generate" time="0.307" /><testcase classname="tests.test_generate_schedule_duedates.TestGenerateScheduleFallback" name="test_cleanup_scratch_customer" time="0.357" /><testcase classname="tests.test_generate_schedule_duedates.TestBookingDateParserVariants" name="test_parser_variant[2025-06-15-expected_anchor0]" time="0.368" /><testcase classname="tests.test_generate_schedule_duedates.TestBookingDateParserVariants" name="test_parser_variant[2025-06-15T10:30:00-expected_anchor1]" time="0.321" /><testcase classname="tests.test_generate_schedule_duedates.TestPaymentScheduleTemplate" name="test_template_returns_13_items_with_days_offset" time="0.201" /></testsuite></testsuites>