<?xml version="1.0" encoding="utf-8"?><testsuites name="pytest tests"><testsuite name="pytest" errors="0" failures="0" skipped="1" tests="8" time="1.892" timestamp="2026-06-28T15:10:11.489816+00:00" hostname="agent-env-0ee6c042-a0ed-47b7-ba96-10af580c0511"><testcase classname="tests.test_reconciliation.TestReconciliationGet" name="test_admin_get_shape" time="0.532" /><testcase classname="tests.test_reconciliation.TestReconciliationGet" name="test_preview_db_state_has_orphans" time="0.052" /><testcase classname="tests.test_reconciliation.TestReconciliationGet" name="test_non_admin_sales_gets_error_not_500" time="0.315" /><testcase classname="tests.test_reconciliation.TestReconciliationGet" name="test_non_admin_accounts_gets_error" time="0.314" /><testcase classname="tests.test_reconciliation.TestDeleteOrphan" name="test_refuse_when_customer_exists" time="0.378"><skipped type="pytest.skip" message="Could not find a non-orphan transaction to test refuse-to-delete">/app/backend/tests/test_reconciliation.py:122: Could not find a non-orphan transaction to test refuse-to-delete</skipped></testcase><testcase classname="tests.test_reconciliation.TestDeleteOrphan" name="test_delete_smallest_orphan_and_verify" time="0.149" /><testcase classname="tests.test_reconciliation.TestDeleteOrphan" name="test_delete_orphan_non_admin_refused" time="0.046" /><testcase classname="tests.test_reconciliation.TestDeleteOrphan" name="test_delete_nonexistent_txn" time="0.044" /></testsuite></testsuites>