<?xml version="1.0" encoding="utf-8"?><testsuites name="pytest tests"><testsuite name="pytest" errors="0" failures="0" skipped="0" tests="8" time="5.795" timestamp="2026-03-15T18:25:58.184921+00:00" hostname="agent-env-947ed635-4cfe-4438-bd57-191b87d75623"><testcase classname="backend.tests.test_payment_tracking.TestPaymentTrackingFeature" name="test_01_login" time="0.777" /><testcase classname="backend.tests.test_payment_tracking.TestPaymentTrackingFeature" name="test_02_get_existing_customers" time="0.464" /><testcase classname="backend.tests.test_payment_tracking.TestPaymentTrackingFeature" name="test_03_get_customer_payment_schedule" time="0.439" /><testcase classname="backend.tests.test_payment_tracking.TestPaymentTrackingFeature" name="test_04_get_customer_initial_state" time="0.433" /><testcase classname="backend.tests.test_payment_tracking.TestPaymentTrackingFeature" name="test_05_update_payment_status_to_paid" time="0.494" /><testcase classname="backend.tests.test_payment_tracking.TestPaymentTrackingFeature" name="test_06_verify_customer_updated_after_status_change" time="0.414" /><testcase classname="backend.tests.test_payment_tracking.TestPaymentTrackingFeature" name="test_07_update_multiple_items_accumulates_correctly" time="0.924" /><testcase classname="backend.tests.test_payment_tracking.TestPaymentTrackingFeature" name="test_08_partial_payment_counts_half" time="1.681" /></testsuite></testsuites>