<?xml version="1.0" encoding="utf-8"?><testsuites name="pytest tests"><testsuite name="pytest" errors="0" failures="0" skipped="0" tests="27" time="3.952" timestamp="2026-04-03T14:23:20.513195+00:00" hostname="agent-env-0ee6c042-a0ed-47b7-ba96-10af580c0511"><testcase classname="tests.test_refactoring_iteration21.TestHealthCheck" name="test_health_endpoint" time="0.164" /><testcase classname="tests.test_refactoring_iteration21.TestAuthentication" name="test_login_success" time="0.329" /><testcase classname="tests.test_refactoring_iteration21.TestAuthentication" name="test_login_invalid_credentials" time="0.104" /><testcase classname="tests.test_refactoring_iteration21.TestCustomerDetailPage" name="test_get_customer_details" time="0.446" /><testcase classname="tests.test_refactoring_iteration21.TestCustomerDetailPage" name="test_get_payment_schedule" time="0.105" /><testcase classname="tests.test_refactoring_iteration21.TestCustomerDetailPage" name="test_get_checklist" time="0.101" /><testcase classname="tests.test_refactoring_iteration21.TestCustomerDetailPage" name="test_get_documents" time="0.261" /><testcase classname="tests.test_refactoring_iteration21.TestCustomerDetailPage" name="test_get_communications" time="0.100" /><testcase classname="tests.test_refactoring_iteration21.TestCustomerDetailPage" name="test_get_transactions" time="0.138" /><testcase classname="tests.test_refactoring_iteration21.TestCustomerDetailPage" name="test_get_overdue_info" time="0.126" /><testcase classname="tests.test_refactoring_iteration21.TestCustomerDetailPage" name="test_get_notes" time="0.115" /><testcase classname="tests.test_refactoring_iteration21.TestDocumentGeneration" name="test_generate_demand_letter" time="0.102" /><testcase classname="tests.test_refactoring_iteration21.TestDocumentGeneration" name="test_generate_allotment_letter" time="0.127" /><testcase classname="tests.test_refactoring_iteration21.TestDocumentGeneration" name="test_generate_price_breakup" time="0.118" /><testcase classname="tests.test_refactoring_iteration21.TestDocumentGeneration" name="test_generate_cost_breakup" time="0.095" /><testcase classname="tests.test_refactoring_iteration21.TestDocumentGeneration" name="test_generate_payment_schedule" time="0.105" /><testcase classname="tests.test_refactoring_iteration21.TestDocumentGeneration" name="test_generate_sales_agreement" time="0.115" /><testcase classname="tests.test_refactoring_iteration21.TestDocumentGeneration" name="test_generate_noc_hdfc" time="0.119" /><testcase classname="tests.test_refactoring_iteration21.TestDocumentGeneration" name="test_generate_noc_bob" time="0.115" /><testcase classname="tests.test_refactoring_iteration21.TestDocumentGeneration" name="test_generate_noc_tata" time="0.124" /><testcase classname="tests.test_refactoring_iteration21.TestTransactionCRUD" name="test_create_transaction" time="0.120" /><testcase classname="tests.test_refactoring_iteration21.TestTransactionCRUD" name="test_get_transactions_after_create" time="0.103" /><testcase classname="tests.test_refactoring_iteration21.TestTransactionCRUD" name="test_update_transaction" time="0.165" /><testcase classname="tests.test_refactoring_iteration21.TestTransactionCRUD" name="test_delete_transaction" time="0.122" /><testcase classname="tests.test_refactoring_iteration21.TestTransactionCRUD" name="test_verify_transaction_deleted" time="0.114" /><testcase classname="tests.test_refactoring_iteration21.TestDashboard" name="test_dashboard_stats" time="0.108" /><testcase classname="tests.test_refactoring_iteration21.TestDashboard" name="test_dashboard_overdue_by_stage" time="0.104" /></testsuite></testsuites>