<?xml version="1.0" encoding="utf-8"?><testsuites name="pytest tests"><testsuite name="pytest" errors="0" failures="0" skipped="0" tests="8" time="2.799" timestamp="2026-03-15T12:10:18.451224+00:00" hostname="agent-env-947ed635-4cfe-4438-bd57-191b87d75623"><testcase classname="backend.tests.test_session2_features.TestAuth" name="test_admin_login" time="0.350" /><testcase classname="backend.tests.test_session2_features.TestPublicBookingForm" name="test_booking_form_with_profession_and_floor_rise" time="0.112" /><testcase classname="backend.tests.test_session2_features.TestPublicBookingForm" name="test_verify_booking_data_saved" time="0.429" /><testcase classname="backend.tests.test_session2_features.TestDeleteCustomer" name="test_delete_customer_full_flow" time="0.777" /><testcase classname="backend.tests.test_session2_features.TestDeleteCustomer" name="test_delete_customer_not_found" time="0.108" /><testcase classname="backend.tests.test_session2_features.TestDeleteCustomer" name="test_delete_requires_admin_role" time="0.110" /><testcase classname="backend.tests.test_session2_features.TestDocumentUpload" name="test_public_upload_endpoint_exists" time="0.222" /><testcase classname="backend.tests.test_session2_features.TestCleanup" name="test_cleanup_test_customers" time="0.644" /></testsuite></testsuites>