<?xml version="1.0" encoding="utf-8"?><testsuites name="pytest tests"><testsuite name="pytest" errors="0" failures="0" skipped="0" tests="19" time="4.668" timestamp="2026-05-11T12:37:59.937359+00:00" hostname="agent-env-0ee6c042-a0ed-47b7-ba96-10af580c0511"><testcase classname="tests.test_refactoring_iteration29" name="test_generate_document_by_type[sales_agreement]" time="0.579" /><testcase classname="tests.test_refactoring_iteration29" name="test_generate_document_by_type[price_breakup]" time="0.143" /><testcase classname="tests.test_refactoring_iteration29" name="test_generate_document_by_type[cost_breakup]" time="0.130" /><testcase classname="tests.test_refactoring_iteration29" name="test_generate_document_by_type[allotment_letter]" time="0.161" /><testcase classname="tests.test_refactoring_iteration29" name="test_generate_document_by_type[noc_hdfc]" time="0.101" /><testcase classname="tests.test_refactoring_iteration29" name="test_generate_document_by_type[noc_bob]" time="0.132" /><testcase classname="tests.test_refactoring_iteration29" name="test_generate_document_by_type[noc_tata]" time="0.119" /><testcase classname="tests.test_refactoring_iteration29" name="test_generate_document_by_type[demand_letter]" time="0.143" /><testcase classname="tests.test_refactoring_iteration29" name="test_generate_document_by_type[welcome_letter]" time="0.126" /><testcase classname="tests.test_refactoring_iteration29" name="test_generate_document_by_type[disbursement_letter]" time="0.130" /><testcase classname="tests.test_refactoring_iteration29" name="test_generate_payment_schedule_doc" time="0.144" /><testcase classname="tests.test_refactoring_iteration29" name="test_transactions_export_html" time="0.148" /><testcase classname="tests.test_refactoring_iteration29" name="test_price_breakup_pdf_endpoint" time="0.139" /><testcase classname="tests.test_refactoring_iteration29" name="test_cost_breakup_pdf_endpoint" time="0.117" /><testcase classname="tests.test_refactoring_iteration29" name="test_payment_schedule_pdf_endpoint" time="0.156" /><testcase classname="tests.test_refactoring_iteration29" name="test_download_generated_doc_real_pdf" time="0.938" /><testcase classname="tests.test_refactoring_iteration29" name="test_template_get_and_create_update" time="0.342" /><testcase classname="tests.test_refactoring_iteration29" name="test_checklist_get_and_put" time="0.474" /><testcase classname="tests.test_refactoring_iteration29" name="test_upload_download_preview" time="0.378" /></testsuite></testsuites>