<?xml version="1.0" encoding="utf-8"?><testsuites name="pytest tests"><testsuite name="pytest" errors="0" failures="0" skipped="0" tests="21" time="3.273" timestamp="2026-04-01T14:37:11.382153+00:00" hostname="agent-env-e2076d16-f55c-4020-86e0-7397fab9be53"><testcase classname="tests.test_payment_stages.TestPaymentStagesAPI" name="test_get_payment_stages_returns_list" time="0.585" /><testcase classname="tests.test_payment_stages.TestPaymentStagesAPI" name="test_payment_stages_include_podium_to_handover" time="0.127" /><testcase classname="tests.test_payment_stages.TestPaymentStagesAPI" name="test_payment_stages_cumulative_percentages" time="0.176" /><testcase classname="tests.test_payment_stages.TestCurrentStageAPI" name="test_get_current_stage" time="0.124" /><testcase classname="tests.test_payment_stages.TestCurrentStageAPI" name="test_set_current_stage_to_podium" time="0.145" /><testcase classname="tests.test_payment_stages.TestCurrentStageAPI" name="test_verify_stage_persisted" time="0.120" /><testcase classname="tests.test_payment_stages.TestCurrentStageAPI" name="test_set_invalid_stage_fails" time="0.104" /><testcase classname="tests.test_payment_stages.TestCustomerOverdueAPI" name="test_get_customer_overdue" time="0.111" /><testcase classname="tests.test_payment_stages.TestCustomerOverdueAPI" name="test_overdue_calculation_correct" time="0.241" /><testcase classname="tests.test_payment_stages.TestCustomerOverdueAPI" name="test_overdue_nonexistent_customer" time="0.120" /><testcase classname="tests.test_payment_stages.TestDashboardOverdueByStage" name="test_get_overdue_by_stage" time="0.116" /><testcase classname="tests.test_payment_stages.TestDashboardOverdueByStage" name="test_overdue_customers_list_structure" time="0.111" /><testcase classname="tests.test_payment_stages.TestCustomerNotesAPI" name="test_get_customer_notes" time="0.115" /><testcase classname="tests.test_payment_stages.TestCustomerNotesAPI" name="test_add_note_to_customer" time="0.106" /><testcase classname="tests.test_payment_stages.TestCustomerNotesAPI" name="test_verify_note_persisted" time="0.109" /><testcase classname="tests.test_payment_stages.TestCustomerNotesAPI" name="test_delete_note" time="0.180" /><testcase classname="tests.test_payment_stages.TestCustomerNotesAPI" name="test_verify_note_deleted" time="0.121" /><testcase classname="tests.test_payment_stages.TestCustomerNotesAPI" name="test_add_empty_note_fails" time="0.103" /><testcase classname="tests.test_payment_stages.TestPaymentDueDateAPI" name="test_update_payment_due_date" time="0.119" /><testcase classname="tests.test_payment_stages.TestPaymentDueDateAPI" name="test_verify_due_date_persisted" time="0.119" /><testcase classname="tests.test_payment_stages.TestCustomersOverdueFilter" name="test_customers_list_with_overdue_filter" time="0.115" /></testsuite></testsuites>