<?xml version="1.0" encoding="utf-8"?><testsuites name="pytest tests"><testsuite name="pytest" errors="0" failures="0" skipped="0" tests="6" time="6.175" timestamp="2026-05-13T12:04:54.079705+00:00" hostname="agent-env-0ee6c042-a0ed-47b7-ba96-10af580c0511"><testcase classname="tests.test_iteration35_booking_reject.TestBookingCoApplicantFields" name="test_submit_booking_with_co_app_gender_and_dob" time="2.321" /><testcase classname="tests.test_iteration35_booking_reject.TestBookingCoApplicantFields" name="test_submit_booking_with_co_app_gender_female" time="1.120" /><testcase classname="tests.test_iteration35_booking_reject.TestRejectLead" name="test_reject_nonexistent_lead_returns_404" time="0.109" /><testcase classname="tests.test_iteration35_booking_reject.TestRejectLead" name="test_reject_unauthorized_returns_401_or_403" time="0.100" /><testcase classname="tests.test_iteration35_booking_reject.TestRejectLead" name="test_reject_lead_full_flow" time="1.438" /><testcase classname="tests.test_iteration35_booking_reject.TestRejectLead" name="test_reject_lead_without_reason" time="1.034" /></testsuite></testsuites>