<?xml version="1.0" encoding="utf-8"?><testsuites name="pytest tests"><testsuite name="pytest" errors="0" failures="0" skipped="0" tests="4" time="1.308" timestamp="2026-05-13T11:49:34.153416+00:00" hostname="agent-env-0ee6c042-a0ed-47b7-ba96-10af580c0511"><testcase classname="tests.test_slab_overdue_stats.TestDashboardSlabOverdue" name="test_overdue_by_stage_returns_new_fields" time="0.618" /><testcase classname="tests.test_slab_overdue_stats.TestDashboardSlabOverdue" name="test_aggregates_match_per_customer_math" time="0.230" /><testcase classname="tests.test_slab_overdue_stats.TestDashboardSlabOverdue" name="test_collected_matches_payment_transactions_aggregate" time="0.283" /><testcase classname="tests.test_slab_overdue_stats.TestRamyaPaymentTracking" name="test_ramya_overdue_endpoint_intact" time="0.134" /></testsuite></testsuites>